2019-01-02 17:24:05,309 INFO 11176 [egg-schedule]: register schedule G:\jingxian\node_modules\egg-logrotator\app\schedule\clean_log.js
2019-01-02 17:24:05,309 INFO 11176 [egg-schedule]: register schedule G:\jingxian\node_modules\egg-logrotator\app\schedule\rotate_by_file.js
2019-01-02 17:24:05,596 INFO 15552 [Timer] G:\jingxian\node_modules\egg-logrotator\app\schedule\clean_log.js next time will execute after 23754408ms at 2019-01-03 00:00:00.003
2019-01-02 17:24:05,596 INFO 15552 [Timer] G:\jingxian\node_modules\egg-logrotator\app\schedule\rotate_by_file.js next time will execute after 23755404ms at 2019-01-03 00:00:01.000
2019-01-03 11:29:22,748 INFO 10480 [egg-schedule]: register schedule G:\jingxian\node_modules\egg-logrotator\app\schedule\clean_log.js
2019-01-03 11:29:22,748 INFO 10480 [egg-schedule]: register schedule G:\jingxian\node_modules\egg-logrotator\app\schedule\rotate_by_file.js
2019-01-03 11:29:23,585 INFO 8552 [Timer] G:\jingxian\node_modules\egg-logrotator\app\schedule\clean_log.js next time will execute after 45036419ms at 2019-01-04 00:00:00.004
2019-01-03 11:29:23,586 INFO 8552 [Timer] G:\jingxian\node_modules\egg-logrotator\app\schedule\rotate_by_file.js next time will execute after 45037414ms at 2019-01-04 00:00:01.000
2019-01-03 11:29:26,124 INFO 14704 [egg-schedule]: register schedule G:\jingxian\node_modules\egg-logrotator\app\schedule\clean_log.js
2019-01-03 11:29:26,124 INFO 14704 [egg-schedule]: register schedule G:\jingxian\node_modules\egg-logrotator\app\schedule\rotate_by_file.js
2019-01-03 11:34:57,571 INFO 10732 [egg-schedule]: register schedule G:\jingxian\node_modules\egg-logrotator\app\schedule\clean_log.js
2019-01-03 11:34:57,571 INFO 10732 [egg-schedule]: register schedule G:\jingxian\node_modules\egg-logrotator\app\schedule\rotate_by_file.js
2019-01-03 11:35:38,249 INFO 12672 [egg-schedule]: register schedule G:\jingxian\node_modules\egg-logrotator\app\schedule\clean_log.js
2019-01-03 11:35:38,249 INFO 12672 [egg-schedule]: register schedule G:\jingxian\node_modules\egg-logrotator\app\schedule\rotate_by_file.js
2019-01-03 11:35:48,380 INFO 13572 [egg-schedule]: register schedule G:\jingxian\node_modules\egg-logrotator\app\schedule\clean_log.js
2019-01-03 11:35:48,380 INFO 13572 [egg-schedule]: register schedule G:\jingxian\node_modules\egg-logrotator\app\schedule\rotate_by_file.js
2019-01-03 11:36:14,577 INFO 10360 [egg-schedule]: register schedule G:\jingxian\node_modules\egg-logrotator\app\schedule\clean_log.js
2019-01-03 11:36:14,577 INFO 10360 [egg-schedule]: register schedule G:\jingxian\node_modules\egg-logrotator\app\schedule\rotate_by_file.js
2019-01-03 11:36:37,721 INFO 10096 [egg-schedule]: register schedule G:\jingxian\node_modules\egg-logrotator\app\schedule\clean_log.js
2019-01-03 11:36:37,722 INFO 10096 [egg-schedule]: register schedule G:\jingxian\node_modules\egg-logrotator\app\schedule\rotate_by_file.js
2019-01-03 11:36:41,867 INFO 10896 [egg-schedule]: register schedule G:\jingxian\node_modules\egg-logrotator\app\schedule\clean_log.js
2019-01-03 11:36:41,867 INFO 10896 [egg-schedule]: register schedule G:\jingxian\node_modules\egg-logrotator\app\schedule\rotate_by_file.js
2019-01-03 11:41:25,210 INFO 16964 [Timer] G:\jingxian\node_modules\egg-logrotator\app\schedule\clean_log.js next time will execute after 44314793ms at 2019-01-04 00:00:00.003
2019-01-03 11:41:25,211 INFO 16964 [Timer] G:\jingxian\node_modules\egg-logrotator\app\schedule\rotate_by_file.js next time will execute after 44315789ms at 2019-01-04 00:00:01.000
2019-01-03 11:41:24,653 INFO 15540 [egg-schedule]: register schedule G:\jingxian\node_modules\egg-logrotator\app\schedule\clean_log.js
2019-01-03 11:41:24,653 INFO 15540 [egg-schedule]: register schedule G:\jingxian\node_modules\egg-logrotator\app\schedule\rotate_by_file.js
2019-01-03 11:42:31,563 INFO 16080 [egg-schedule]: register schedule G:\jingxian\node_modules\egg-logrotator\app\schedule\clean_log.js
2019-01-03 11:42:31,563 INFO 16080 [egg-schedule]: register schedule G:\jingxian\node_modules\egg-logrotator\app\schedule\rotate_by_file.js
2019-01-03 11:47:45,078 INFO 8792 [egg-schedule]: register schedule G:\jingxian\node_modules\egg-logrotator\app\schedule\clean_log.js
2019-01-03 11:47:45,078 INFO 8792 [egg-schedule]: register schedule G:\jingxian\node_modules\egg-logrotator\app\schedule\rotate_by_file.js
2019-01-03 11:47:48,124 INFO 9212 [egg-schedule]: register schedule G:\jingxian\node_modules\egg-logrotator\app\schedule\clean_log.js
2019-01-03 11:47:48,125 INFO 9212 [egg-schedule]: register schedule G:\jingxian\node_modules\egg-logrotator\app\schedule\rotate_by_file.js
2019-01-03 11:48:40,039 INFO 12988 [egg-schedule]: register schedule G:\jingxian\node_modules\egg-logrotator\app\schedule\clean_log.js
2019-01-03 11:48:40,039 INFO 12988 [egg-schedule]: register schedule G:\jingxian\node_modules\egg-logrotator\app\schedule\rotate_by_file.js
2019-01-03 11:48:43,406 INFO 1796 [egg-schedule]: register schedule G:\jingxian\node_modules\egg-logrotator\app\schedule\clean_log.js
2019-01-03 11:48:43,406 INFO 1796 [egg-schedule]: register schedule G:\jingxian\node_modules\egg-logrotator\app\schedule\rotate_by_file.js
2019-01-03 11:48:51,381 INFO 4552 [egg-schedule]: register schedule G:\jingxian\node_modules\egg-logrotator\app\schedule\clean_log.js
2019-01-03 11:48:51,387 INFO 4552 [egg-schedule]: register schedule G:\jingxian\node_modules\egg-logrotator\app\schedule\rotate_by_file.js
2019-01-03 11:48:52,729 INFO 2080 [egg-schedule]: register schedule G:\jingxian\node_modules\egg-logrotator\app\schedule\clean_log.js
2019-01-03 11:48:52,729 INFO 2080 [egg-schedule]: register schedule G:\jingxian\node_modules\egg-logrotator\app\schedule\rotate_by_file.js
2019-01-03 11:49:30,819 INFO 11760 [egg-schedule]: register schedule G:\jingxian\node_modules\egg-logrotator\app\schedule\clean_log.js
2019-01-03 11:49:30,819 INFO 11760 [egg-schedule]: register schedule G:\jingxian\node_modules\egg-logrotator\app\schedule\rotate_by_file.js
2019-01-03 11:49:35,168 INFO 15376 [egg-schedule]: register schedule G:\jingxian\node_modules\egg-logrotator\app\schedule\clean_log.js
2019-01-03 11:49:35,173 INFO 15376 [egg-schedule]: register schedule G:\jingxian\node_modules\egg-logrotator\app\schedule\rotate_by_file.js
2019-01-03 11:53:57,025 INFO 8416 [egg-schedule]: register schedule G:\jingxian\node_modules\egg-logrotator\app\schedule\clean_log.js
2019-01-03 11:53:57,025 INFO 8416 [egg-schedule]: register schedule G:\jingxian\node_modules\egg-logrotator\app\schedule\rotate_by_file.js
2019-01-03 11:54:00,956 INFO 14392 [egg-schedule]: register schedule G:\jingxian\node_modules\egg-logrotator\app\schedule\clean_log.js
2019-01-03 11:54:00,956 INFO 14392 [egg-schedule]: register schedule G:\jingxian\node_modules\egg-logrotator\app\schedule\rotate_by_file.js
2019-01-03 11:54:08,052 INFO 15144 [egg-schedule]: register schedule G:\jingxian\node_modules\egg-logrotator\app\schedule\clean_log.js
2019-01-03 11:54:08,052 INFO 15144 [egg-schedule]: register schedule G:\jingxian\node_modules\egg-logrotator\app\schedule\rotate_by_file.js
2019-01-03 11:54:14,804 INFO 17896 [egg-schedule]: register schedule G:\jingxian\node_modules\egg-logrotator\app\schedule\clean_log.js
2019-01-03 11:54:14,804 INFO 17896 [egg-schedule]: register schedule G:\jingxian\node_modules\egg-logrotator\app\schedule\rotate_by_file.js
2019-01-03 11:54:20,771 INFO 15540 [egg-schedule]: register schedule G:\jingxian\node_modules\egg-logrotator\app\schedule\clean_log.js
2019-01-03 11:54:20,771 INFO 15540 [egg-schedule]: register schedule G:\jingxian\node_modules\egg-logrotator\app\schedule\rotate_by_file.js
2019-01-03 11:57:27,567 INFO 16928 [egg-schedule]: register schedule G:\jingxian\node_modules\egg-logrotator\app\schedule\clean_log.js
2019-01-03 11:57:27,567 INFO 16928 [egg-schedule]: register schedule G:\jingxian\node_modules\egg-logrotator\app\schedule\rotate_by_file.js
2019-01-03 11:57:30,591 INFO 13504 [egg-schedule]: register schedule G:\jingxian\node_modules\egg-logrotator\app\schedule\clean_log.js
2019-01-03 11:57:30,591 INFO 13504 [egg-schedule]: register schedule G:\jingxian\node_modules\egg-logrotator\app\schedule\rotate_by_file.js
2019-01-03 14:30:08,798 INFO 18352 [Timer] G:\jingxian\node_modules\egg-logrotator\app\schedule\clean_log.js next time will execute after 34191206ms at 2019-01-04 00:00:00.004
2019-01-03 14:30:08,799 INFO 18352 [Timer] G:\jingxian\node_modules\egg-logrotator\app\schedule\rotate_by_file.js next time will execute after 34192202ms at 2019-01-04 00:00:01.001
2019-01-03 14:30:08,403 INFO 7724 [egg-schedule]: register schedule G:\jingxian\node_modules\egg-logrotator\app\schedule\clean_log.js
2019-01-03 14:30:08,403 INFO 7724 [egg-schedule]: register schedule G:\jingxian\node_modules\egg-logrotator\app\schedule\rotate_by_file.js
2019-01-03 14:33:30,859 INFO 18256 [egg-schedule]: register schedule G:\jingxian\node_modules\egg-logrotator\app\schedule\clean_log.js
2019-01-03 14:33:30,860 INFO 18256 [egg-schedule]: register schedule G:\jingxian\node_modules\egg-logrotator\app\schedule\rotate_by_file.js
2019-01-03 14:52:57,846 INFO 9752 [egg-schedule]: register schedule G:\jingxian\node_modules\egg-logrotator\app\schedule\clean_log.js
2019-01-03 14:52:57,846 INFO 9752 [egg-schedule]: register schedule G:\jingxian\node_modules\egg-logrotator\app\schedule\rotate_by_file.js
2019-01-03 14:53:07,990 INFO 11140 [egg-schedule]: register schedule G:\jingxian\node_modules\egg-logrotator\app\schedule\clean_log.js
2019-01-03 14:53:07,990 INFO 11140 [egg-schedule]: register schedule G:\jingxian\node_modules\egg-logrotator\app\schedule\rotate_by_file.js
2019-01-03 14:53:10,660 INFO 4136 [egg-schedule]: register schedule G:\jingxian\node_modules\egg-logrotator\app\schedule\clean_log.js
2019-01-03 14:53:10,660 INFO 4136 [egg-schedule]: register schedule G:\jingxian\node_modules\egg-logrotator\app\schedule\rotate_by_file.js
2019-01-03 14:55:24,508 INFO 17684 [egg-schedule]: register schedule G:\jingxian\node_modules\egg-logrotator\app\schedule\clean_log.js
2019-01-03 14:55:24,508 INFO 17684 [egg-schedule]: register schedule G:\jingxian\node_modules\egg-logrotator\app\schedule\rotate_by_file.js
2019-01-03 14:55:35,063 INFO 18280 [egg-schedule]: register schedule G:\jingxian\node_modules\egg-logrotator\app\schedule\clean_log.js
2019-01-03 14:55:35,063 INFO 18280 [egg-schedule]: register schedule G:\jingxian\node_modules\egg-logrotator\app\schedule\rotate_by_file.js
2019-01-03 14:55:38,285 INFO 17472 [egg-schedule]: register schedule G:\jingxian\node_modules\egg-logrotator\app\schedule\clean_log.js
2019-01-03 14:55:38,285 INFO 17472 [egg-schedule]: register schedule G:\jingxian\node_modules\egg-logrotator\app\schedule\rotate_by_file.js
2019-01-03 14:56:19,714 INFO 11920 [egg-schedule]: register schedule G:\jingxian\node_modules\egg-logrotator\app\schedule\clean_log.js
2019-01-03 14:56:19,714 INFO 11920 [egg-schedule]: register schedule G:\jingxian\node_modules\egg-logrotator\app\schedule\rotate_by_file.js
2019-01-03 14:56:23,063 INFO 17316 [egg-schedule]: register schedule G:\jingxian\node_modules\egg-logrotator\app\schedule\clean_log.js
2019-01-03 14:56:23,063 INFO 17316 [egg-schedule]: register schedule G:\jingxian\node_modules\egg-logrotator\app\schedule\rotate_by_file.js
2019-01-03 14:56:27,713 INFO 10276 [egg-schedule]: register schedule G:\jingxian\node_modules\egg-logrotator\app\schedule\clean_log.js
2019-01-03 14:56:27,713 INFO 10276 [egg-schedule]: register schedule G:\jingxian\node_modules\egg-logrotator\app\schedule\rotate_by_file.js
2019-01-03 14:57:06,458 INFO 9784 [egg-schedule]: register schedule G:\jingxian\node_modules\egg-logrotator\app\schedule\clean_log.js
2019-01-03 14:57:06,458 INFO 9784 [egg-schedule]: register schedule G:\jingxian\node_modules\egg-logrotator\app\schedule\rotate_by_file.js
2019-01-03 14:57:09,177 INFO 14444 [egg-schedule]: register schedule G:\jingxian\node_modules\egg-logrotator\app\schedule\clean_log.js
2019-01-03 14:57:09,177 INFO 14444 [egg-schedule]: register schedule G:\jingxian\node_modules\egg-logrotator\app\schedule\rotate_by_file.js
2019-01-03 14:57:12,176 INFO 16988 [egg-schedule]: register schedule G:\jingxian\node_modules\egg-logrotator\app\schedule\clean_log.js
2019-01-03 14:57:12,180 INFO 16988 [egg-schedule]: register schedule G:\jingxian\node_modules\egg-logrotator\app\schedule\rotate_by_file.js
2019-01-03 14:57:36,365 INFO 3588 [egg-schedule]: register schedule G:\jingxian\node_modules\egg-logrotator\app\schedule\clean_log.js
2019-01-03 14:57:36,369 INFO 3588 [egg-schedule]: register schedule G:\jingxian\node_modules\egg-logrotator\app\schedule\rotate_by_file.js
2019-01-03 14:57:41,747 INFO 8620 [egg-schedule]: register schedule G:\jingxian\node_modules\egg-logrotator\app\schedule\clean_log.js
2019-01-03 14:57:41,747 INFO 8620 [egg-schedule]: register schedule G:\jingxian\node_modules\egg-logrotator\app\schedule\rotate_by_file.js
2019-01-03 14:57:46,398 INFO 14248 [egg-schedule]: register schedule G:\jingxian\node_modules\egg-logrotator\app\schedule\clean_log.js
2019-01-03 14:57:46,398 INFO 14248 [egg-schedule]: register schedule G:\jingxian\node_modules\egg-logrotator\app\schedule\rotate_by_file.js
2019-01-03 14:57:51,560 INFO 13288 [egg-schedule]: register schedule G:\jingxian\node_modules\egg-logrotator\app\schedule\clean_log.js
2019-01-03 14:57:51,560 INFO 13288 [egg-schedule]: register schedule G:\jingxian\node_modules\egg-logrotator\app\schedule\rotate_by_file.js
2019-01-03 14:57:53,443 INFO 13180 [egg-schedule]: register schedule G:\jingxian\node_modules\egg-logrotator\app\schedule\clean_log.js
2019-01-03 14:57:53,443 INFO 13180 [egg-schedule]: register schedule G:\jingxian\node_modules\egg-logrotator\app\schedule\rotate_by_file.js
2019-01-03 14:57:59,827 INFO 16008 [egg-schedule]: register schedule G:\jingxian\node_modules\egg-logrotator\app\schedule\clean_log.js
2019-01-03 14:57:59,827 INFO 16008 [egg-schedule]: register schedule G:\jingxian\node_modules\egg-logrotator\app\schedule\rotate_by_file.js
2019-01-03 14:59:22,477 INFO 1496 [egg-schedule]: register schedule G:\jingxian\node_modules\egg-logrotator\app\schedule\clean_log.js
2019-01-03 14:59:22,477 INFO 1496 [egg-schedule]: register schedule G:\jingxian\node_modules\egg-logrotator\app\schedule\rotate_by_file.js
2019-01-03 14:59:26,297 INFO 3264 [egg-schedule]: register schedule G:\jingxian\node_modules\egg-logrotator\app\schedule\clean_log.js
2019-01-03 14:59:26,297 INFO 3264 [egg-schedule]: register schedule G:\jingxian\node_modules\egg-logrotator\app\schedule\rotate_by_file.js
2019-01-03 14:59:26,689 INFO 8556 [egg-schedule]: register schedule G:\jingxian\node_modules\egg-logrotator\app\schedule\clean_log.js
2019-01-03 14:59:26,689 INFO 8556 [egg-schedule]: register schedule G:\jingxian\node_modules\egg-logrotator\app\schedule\rotate_by_file.js
2019-01-03 14:59:31,929 INFO 14308 [egg-schedule]: register schedule G:\jingxian\node_modules\egg-logrotator\app\schedule\clean_log.js
2019-01-03 14:59:31,929 INFO 14308 [egg-schedule]: register schedule G:\jingxian\node_modules\egg-logrotator\app\schedule\rotate_by_file.js
2019-01-03 14:59:35,232 INFO 9872 [egg-schedule]: register schedule G:\jingxian\node_modules\egg-logrotator\app\schedule\clean_log.js
2019-01-03 14:59:35,232 INFO 9872 [egg-schedule]: register schedule G:\jingxian\node_modules\egg-logrotator\app\schedule\rotate_by_file.js
2019-01-03 14:59:39,185 INFO 3488 [egg-schedule]: register schedule G:\jingxian\node_modules\egg-logrotator\app\schedule\clean_log.js
2019-01-03 14:59:39,186 INFO 3488 [egg-schedule]: register schedule G:\jingxian\node_modules\egg-logrotator\app\schedule\rotate_by_file.js
2019-01-03 14:59:42,635 INFO 6220 [egg-schedule]: register schedule G:\jingxian\node_modules\egg-logrotator\app\schedule\clean_log.js
2019-01-03 14:59:42,635 INFO 6220 [egg-schedule]: register schedule G:\jingxian\node_modules\egg-logrotator\app\schedule\rotate_by_file.js
2019-01-03 14:59:45,776 INFO 9908 [egg-schedule]: register schedule G:\jingxian\node_modules\egg-logrotator\app\schedule\clean_log.js
2019-01-03 14:59:45,776 INFO 9908 [egg-schedule]: register schedule G:\jingxian\node_modules\egg-logrotator\app\schedule\rotate_by_file.js
2019-01-03 15:00:10,158 INFO 7636 [egg-schedule]: register schedule G:\jingxian\node_modules\egg-logrotator\app\schedule\clean_log.js
2019-01-03 15:00:10,158 INFO 7636 [egg-schedule]: register schedule G:\jingxian\node_modules\egg-logrotator\app\schedule\rotate_by_file.js
2019-01-03 15:00:13,964 INFO 12596 [egg-schedule]: register schedule G:\jingxian\node_modules\egg-logrotator\app\schedule\clean_log.js
2019-01-03 15:00:13,964 INFO 12596 [egg-schedule]: register schedule G:\jingxian\node_modules\egg-logrotator\app\schedule\rotate_by_file.js
2019-01-03 15:00:19,024 INFO 12016 [egg-schedule]: register schedule G:\jingxian\node_modules\egg-logrotator\app\schedule\clean_log.js
2019-01-03 15:00:19,024 INFO 12016 [egg-schedule]: register schedule G:\jingxian\node_modules\egg-logrotator\app\schedule\rotate_by_file.js
2019-01-03 15:00:22,862 INFO 15680 [egg-schedule]: register schedule G:\jingxian\node_modules\egg-logrotator\app\schedule\clean_log.js
2019-01-03 15:00:22,862 INFO 15680 [egg-schedule]: register schedule G:\jingxian\node_modules\egg-logrotator\app\schedule\rotate_by_file.js
2019-01-03 15:00:25,496 INFO 4092 [egg-schedule]: register schedule G:\jingxian\node_modules\egg-logrotator\app\schedule\clean_log.js
2019-01-03 15:00:25,496 INFO 4092 [egg-schedule]: register schedule G:\jingxian\node_modules\egg-logrotator\app\schedule\rotate_by_file.js
2019-01-03 15:00:34,456 INFO 3264 [egg-schedule]: register schedule G:\jingxian\node_modules\egg-logrotator\app\schedule\clean_log.js
2019-01-03 15:00:34,456 INFO 3264 [egg-schedule]: register schedule G:\jingxian\node_modules\egg-logrotator\app\schedule\rotate_by_file.js
2019-01-03 15:00:41,516 INFO 10532 [egg-schedule]: register schedule G:\jingxian\node_modules\egg-logrotator\app\schedule\clean_log.js
2019-01-03 15:00:41,516 INFO 10532 [egg-schedule]: register schedule G:\jingxian\node_modules\egg-logrotator\app\schedule\rotate_by_file.js
2019-01-03 15:01:50,632 INFO 17052 [egg-schedule]: register schedule G:\jingxian\node_modules\egg-logrotator\app\schedule\clean_log.js
2019-01-03 15:01:50,632 INFO 17052 [egg-schedule]: register schedule G:\jingxian\node_modules\egg-logrotator\app\schedule\rotate_by_file.js
2019-01-03 15:01:53,894 INFO 18028 [egg-schedule]: register schedule G:\jingxian\node_modules\egg-logrotator\app\schedule\clean_log.js
2019-01-03 15:01:53,894 INFO 18028 [egg-schedule]: register schedule G:\jingxian\node_modules\egg-logrotator\app\schedule\rotate_by_file.js
2019-01-03 15:02:47,291 INFO 16284 [egg-schedule]: register schedule G:\jingxian\node_modules\egg-logrotator\app\schedule\clean_log.js
2019-01-03 15:02:47,291 INFO 16284 [egg-schedule]: register schedule G:\jingxian\node_modules\egg-logrotator\app\schedule\rotate_by_file.js
2019-01-03 15:02:50,601 INFO 12908 [egg-schedule]: register schedule G:\jingxian\node_modules\egg-logrotator\app\schedule\clean_log.js
2019-01-03 15:02:50,601 INFO 12908 [egg-schedule]: register schedule G:\jingxian\node_modules\egg-logrotator\app\schedule\rotate_by_file.js
2019-01-03 15:03:08,069 INFO 10340 [egg-schedule]: register schedule G:\jingxian\node_modules\egg-logrotator\app\schedule\clean_log.js
2019-01-03 15:03:08,069 INFO 10340 [egg-schedule]: register schedule G:\jingxian\node_modules\egg-logrotator\app\schedule\rotate_by_file.js
2019-01-03 15:03:11,385 INFO 16560 [egg-schedule]: register schedule G:\jingxian\node_modules\egg-logrotator\app\schedule\clean_log.js
2019-01-03 15:03:11,385 INFO 16560 [egg-schedule]: register schedule G:\jingxian\node_modules\egg-logrotator\app\schedule\rotate_by_file.js
2019-01-03 15:03:14,445 INFO 14640 [egg-schedule]: register schedule G:\jingxian\node_modules\egg-logrotator\app\schedule\clean_log.js
2019-01-03 15:03:14,445 INFO 14640 [egg-schedule]: register schedule G:\jingxian\node_modules\egg-logrotator\app\schedule\rotate_by_file.js
2019-01-03 15:03:20,335 INFO 15904 [egg-schedule]: register schedule G:\jingxian\node_modules\egg-logrotator\app\schedule\clean_log.js
2019-01-03 15:03:20,335 INFO 15904 [egg-schedule]: register schedule G:\jingxian\node_modules\egg-logrotator\app\schedule\rotate_by_file.js
2019-01-03 15:03:25,181 INFO 17136 [egg-schedule]: register schedule G:\jingxian\node_modules\egg-logrotator\app\schedule\clean_log.js
2019-01-03 15:03:25,181 INFO 17136 [egg-schedule]: register schedule G:\jingxian\node_modules\egg-logrotator\app\schedule\rotate_by_file.js
2019-01-03 15:03:28,021 INFO 17492 [egg-schedule]: register schedule G:\jingxian\node_modules\egg-logrotator\app\schedule\clean_log.js
2019-01-03 15:03:28,021 INFO 17492 [egg-schedule]: register schedule G:\jingxian\node_modules\egg-logrotator\app\schedule\rotate_by_file.js
2019-01-03 15:03:33,422 INFO 6436 [egg-schedule]: register schedule G:\jingxian\node_modules\egg-logrotator\app\schedule\clean_log.js
2019-01-03 15:03:33,423 INFO 6436 [egg-schedule]: register schedule G:\jingxian\node_modules\egg-logrotator\app\schedule\rotate_by_file.js
2019-01-03 15:03:42,037 INFO 3616 [egg-schedule]: register schedule G:\jingxian\node_modules\egg-logrotator\app\schedule\clean_log.js
2019-01-03 15:03:42,037 INFO 3616 [egg-schedule]: register schedule G:\jingxian\node_modules\egg-logrotator\app\schedule\rotate_by_file.js
2019-01-03 15:03:48,677 INFO 9304 [egg-schedule]: register schedule G:\jingxian\node_modules\egg-logrotator\app\schedule\clean_log.js
2019-01-03 15:03:48,677 INFO 9304 [egg-schedule]: register schedule G:\jingxian\node_modules\egg-logrotator\app\schedule\rotate_by_file.js
2019-01-03 15:03:54,519 INFO 16720 [egg-schedule]: register schedule G:\jingxian\node_modules\egg-logrotator\app\schedule\clean_log.js
2019-01-03 15:03:54,519 INFO 16720 [egg-schedule]: register schedule G:\jingxian\node_modules\egg-logrotator\app\schedule\rotate_by_file.js
2019-01-03 15:03:58,413 INFO 3236 [egg-schedule]: register schedule G:\jingxian\node_modules\egg-logrotator\app\schedule\clean_log.js
2019-01-03 15:03:58,413 INFO 3236 [egg-schedule]: register schedule G:\jingxian\node_modules\egg-logrotator\app\schedule\rotate_by_file.js
2019-01-03 15:04:03,771 INFO 17352 [egg-schedule]: register schedule G:\jingxian\node_modules\egg-logrotator\app\schedule\clean_log.js
2019-01-03 15:04:03,771 INFO 17352 [egg-schedule]: register schedule G:\jingxian\node_modules\egg-logrotator\app\schedule\rotate_by_file.js
2019-01-03 15:04:09,121 INFO 16996 [egg-schedule]: register schedule G:\jingxian\node_modules\egg-logrotator\app\schedule\clean_log.js
2019-01-03 15:04:09,121 INFO 16996 [egg-schedule]: register schedule G:\jingxian\node_modules\egg-logrotator\app\schedule\rotate_by_file.js
2019-01-03 15:04:16,415 INFO 792 [egg-schedule]: register schedule G:\jingxian\node_modules\egg-logrotator\app\schedule\clean_log.js
2019-01-03 15:04:16,419 INFO 792 [egg-schedule]: register schedule G:\jingxian\node_modules\egg-logrotator\app\schedule\rotate_by_file.js
2019-01-03 15:04:22,131 INFO 10312 [egg-schedule]: register schedule G:\jingxian\node_modules\egg-logrotator\app\schedule\clean_log.js
2019-01-03 15:04:22,131 INFO 10312 [egg-schedule]: register schedule G:\jingxian\node_modules\egg-logrotator\app\schedule\rotate_by_file.js
2019-01-03 15:04:27,937 INFO 8196 [egg-schedule]: register schedule G:\jingxian\node_modules\egg-logrotator\app\schedule\clean_log.js
2019-01-03 15:04:27,937 INFO 8196 [egg-schedule]: register schedule G:\jingxian\node_modules\egg-logrotator\app\schedule\rotate_by_file.js
2019-01-03 15:04:34,595 INFO 14620 [egg-schedule]: register schedule G:\jingxian\node_modules\egg-logrotator\app\schedule\clean_log.js
2019-01-03 15:04:34,595 INFO 14620 [egg-schedule]: register schedule G:\jingxian\node_modules\egg-logrotator\app\schedule\rotate_by_file.js
2019-01-03 15:04:39,290 INFO 6660 [egg-schedule]: register schedule G:\jingxian\node_modules\egg-logrotator\app\schedule\clean_log.js
2019-01-03 15:04:39,290 INFO 6660 [egg-schedule]: register schedule G:\jingxian\node_modules\egg-logrotator\app\schedule\rotate_by_file.js
2019-01-03 15:04:41,902 INFO 1316 [egg-schedule]: register schedule G:\jingxian\node_modules\egg-logrotator\app\schedule\clean_log.js
2019-01-03 15:04:41,902 INFO 1316 [egg-schedule]: register schedule G:\jingxian\node_modules\egg-logrotator\app\schedule\rotate_by_file.js
2019-01-03 15:05:05,358 INFO 13976 [egg-schedule]: register schedule G:\jingxian\node_modules\egg-logrotator\app\schedule\clean_log.js
2019-01-03 15:05:05,358 INFO 13976 [egg-schedule]: register schedule G:\jingxian\node_modules\egg-logrotator\app\schedule\rotate_by_file.js
2019-01-03 15:05:09,042 INFO 12812 [egg-schedule]: register schedule G:\jingxian\node_modules\egg-logrotator\app\schedule\clean_log.js
2019-01-03 15:05:09,042 INFO 12812 [egg-schedule]: register schedule G:\jingxian\node_modules\egg-logrotator\app\schedule\rotate_by_file.js
2019-01-03 15:05:15,230 INFO 13516 [egg-schedule]: register schedule G:\jingxian\node_modules\egg-logrotator\app\schedule\clean_log.js
2019-01-03 15:05:15,230 INFO 13516 [egg-schedule]: register schedule G:\jingxian\node_modules\egg-logrotator\app\schedule\rotate_by_file.js
2019-01-03 15:05:19,833 INFO 1188 [egg-schedule]: register schedule G:\jingxian\node_modules\egg-logrotator\app\schedule\clean_log.js
2019-01-03 15:05:19,834 INFO 1188 [egg-schedule]: register schedule G:\jingxian\node_modules\egg-logrotator\app\schedule\rotate_by_file.js
2019-01-03 15:05:29,011 INFO 13744 [egg-schedule]: register schedule G:\jingxian\node_modules\egg-logrotator\app\schedule\clean_log.js
2019-01-03 15:05:29,011 INFO 13744 [egg-schedule]: register schedule G:\jingxian\node_modules\egg-logrotator\app\schedule\rotate_by_file.js
2019-01-03 15:05:33,052 INFO 11012 [egg-schedule]: register schedule G:\jingxian\node_modules\egg-logrotator\app\schedule\clean_log.js
2019-01-03 15:05:33,052 INFO 11012 [egg-schedule]: register schedule G:\jingxian\node_modules\egg-logrotator\app\schedule\rotate_by_file.js
2019-01-03 15:05:37,849 INFO 9452 [egg-schedule]: register schedule G:\jingxian\node_modules\egg-logrotator\app\schedule\clean_log.js
2019-01-03 15:05:37,849 INFO 9452 [egg-schedule]: register schedule G:\jingxian\node_modules\egg-logrotator\app\schedule\rotate_by_file.js
2019-01-03 15:06:24,677 INFO 9196 [egg-schedule]: register schedule G:\jingxian\node_modules\egg-logrotator\app\schedule\clean_log.js
2019-01-03 15:06:24,678 INFO 9196 [egg-schedule]: register schedule G:\jingxian\node_modules\egg-logrotator\app\schedule\rotate_by_file.js
2019-01-03 15:06:28,557 INFO 2520 [egg-schedule]: register schedule G:\jingxian\node_modules\egg-logrotator\app\schedule\clean_log.js
2019-01-03 15:06:28,557 INFO 2520 [egg-schedule]: register schedule G:\jingxian\node_modules\egg-logrotator\app\schedule\rotate_by_file.js
2019-01-03 15:06:32,218 INFO 9224 [egg-schedule]: register schedule G:\jingxian\node_modules\egg-logrotator\app\schedule\clean_log.js
2019-01-03 15:06:32,218 INFO 9224 [egg-schedule]: register schedule G:\jingxian\node_modules\egg-logrotator\app\schedule\rotate_by_file.js
2019-01-03 15:06:39,171 INFO 10304 [egg-schedule]: register schedule G:\jingxian\node_modules\egg-logrotator\app\schedule\clean_log.js
2019-01-03 15:06:39,171 INFO 10304 [egg-schedule]: register schedule G:\jingxian\node_modules\egg-logrotator\app\schedule\rotate_by_file.js
2019-01-03 15:06:42,321 INFO 1276 [egg-schedule]: register schedule G:\jingxian\node_modules\egg-logrotator\app\schedule\clean_log.js
2019-01-03 15:06:42,321 INFO 1276 [egg-schedule]: register schedule G:\jingxian\node_modules\egg-logrotator\app\schedule\rotate_by_file.js
2019-01-03 15:06:46,848 INFO 1284 [egg-schedule]: register schedule G:\jingxian\node_modules\egg-logrotator\app\schedule\clean_log.js
2019-01-03 15:06:46,848 INFO 1284 [egg-schedule]: register schedule G:\jingxian\node_modules\egg-logrotator\app\schedule\rotate_by_file.js
2019-01-03 15:06:50,713 INFO 10096 [egg-schedule]: register schedule G:\jingxian\node_modules\egg-logrotator\app\schedule\clean_log.js
2019-01-03 15:06:50,713 INFO 10096 [egg-schedule]: register schedule G:\jingxian\node_modules\egg-logrotator\app\schedule\rotate_by_file.js
2019-01-03 15:07:03,820 INFO 7132 [egg-schedule]: register schedule G:\jingxian\node_modules\egg-logrotator\app\schedule\clean_log.js
2019-01-03 15:07:03,820 INFO 7132 [egg-schedule]: register schedule G:\jingxian\node_modules\egg-logrotator\app\schedule\rotate_by_file.js
2019-01-03 15:07:07,432 INFO 9972 [egg-schedule]: register schedule G:\jingxian\node_modules\egg-logrotator\app\schedule\clean_log.js
2019-01-03 15:07:07,432 INFO 9972 [egg-schedule]: register schedule G:\jingxian\node_modules\egg-logrotator\app\schedule\rotate_by_file.js
2019-01-03 15:07:11,522 INFO 2684 [egg-schedule]: register schedule G:\jingxian\node_modules\egg-logrotator\app\schedule\clean_log.js
2019-01-03 15:07:11,522 INFO 2684 [egg-schedule]: register schedule G:\jingxian\node_modules\egg-logrotator\app\schedule\rotate_by_file.js
2019-01-03 15:07:12,979 INFO 516 [egg-schedule]: register schedule G:\jingxian\node_modules\egg-logrotator\app\schedule\clean_log.js
2019-01-03 15:07:12,980 INFO 516 [egg-schedule]: register schedule G:\jingxian\node_modules\egg-logrotator\app\schedule\rotate_by_file.js
2019-01-03 15:07:15,906 INFO 17680 [egg-schedule]: register schedule G:\jingxian\node_modules\egg-logrotator\app\schedule\clean_log.js
2019-01-03 15:07:15,906 INFO 17680 [egg-schedule]: register schedule G:\jingxian\node_modules\egg-logrotator\app\schedule\rotate_by_file.js
2019-01-03 15:07:22,433 INFO 15468 [egg-schedule]: register schedule G:\jingxian\node_modules\egg-logrotator\app\schedule\clean_log.js
2019-01-03 15:07:22,434 INFO 15468 [egg-schedule]: register schedule G:\jingxian\node_modules\egg-logrotator\app\schedule\rotate_by_file.js
2019-01-03 15:07:30,254 INFO 16076 [egg-schedule]: register schedule G:\jingxian\node_modules\egg-logrotator\app\schedule\clean_log.js
2019-01-03 15:07:30,254 INFO 16076 [egg-schedule]: register schedule G:\jingxian\node_modules\egg-logrotator\app\schedule\rotate_by_file.js
2019-01-03 15:07:33,637 INFO 16284 [egg-schedule]: register schedule G:\jingxian\node_modules\egg-logrotator\app\schedule\clean_log.js
2019-01-03 15:07:33,637 INFO 16284 [egg-schedule]: register schedule G:\jingxian\node_modules\egg-logrotator\app\schedule\rotate_by_file.js
2019-01-03 15:07:37,475 INFO 7688 [egg-schedule]: register schedule G:\jingxian\node_modules\egg-logrotator\app\schedule\clean_log.js
2019-01-03 15:07:37,475 INFO 7688 [egg-schedule]: register schedule G:\jingxian\node_modules\egg-logrotator\app\schedule\rotate_by_file.js
2019-01-03 15:08:07,601 INFO 11488 [egg-schedule]: register schedule G:\jingxian\node_modules\egg-logrotator\app\schedule\clean_log.js
2019-01-03 15:08:07,601 INFO 11488 [egg-schedule]: register schedule G:\jingxian\node_modules\egg-logrotator\app\schedule\rotate_by_file.js
2019-01-03 15:08:22,171 INFO 11912 [egg-schedule]: register schedule G:\jingxian\node_modules\egg-logrotator\app\schedule\clean_log.js
2019-01-03 15:08:22,171 INFO 11912 [egg-schedule]: register schedule G:\jingxian\node_modules\egg-logrotator\app\schedule\rotate_by_file.js
2019-01-03 15:08:25,211 INFO 6616 [egg-schedule]: register schedule G:\jingxian\node_modules\egg-logrotator\app\schedule\clean_log.js
2019-01-03 15:08:25,211 INFO 6616 [egg-schedule]: register schedule G:\jingxian\node_modules\egg-logrotator\app\schedule\rotate_by_file.js
2019-01-03 15:08:40,415 INFO 17776 [egg-schedule]: register schedule G:\jingxian\node_modules\egg-logrotator\app\schedule\clean_log.js
2019-01-03 15:08:40,415 INFO 17776 [egg-schedule]: register schedule G:\jingxian\node_modules\egg-logrotator\app\schedule\rotate_by_file.js
2019-01-03 15:08:47,224 INFO 10528 [egg-schedule]: register schedule G:\jingxian\node_modules\egg-logrotator\app\schedule\clean_log.js
2019-01-03 15:08:47,224 INFO 10528 [egg-schedule]: register schedule G:\jingxian\node_modules\egg-logrotator\app\schedule\rotate_by_file.js
2019-01-03 15:08:53,982 INFO 14048 [egg-schedule]: register schedule G:\jingxian\node_modules\egg-logrotator\app\schedule\clean_log.js
2019-01-03 15:08:53,983 INFO 14048 [egg-schedule]: register schedule G:\jingxian\node_modules\egg-logrotator\app\schedule\rotate_by_file.js
2019-01-03 15:08:58,871 INFO 11700 [egg-schedule]: register schedule G:\jingxian\node_modules\egg-logrotator\app\schedule\clean_log.js
2019-01-03 15:08:58,871 INFO 11700 [egg-schedule]: register schedule G:\jingxian\node_modules\egg-logrotator\app\schedule\rotate_by_file.js
2019-01-03 15:09:23,669 INFO 17328 [egg-schedule]: register schedule G:\jingxian\node_modules\egg-logrotator\app\schedule\clean_log.js
2019-01-03 15:09:23,669 INFO 17328 [egg-schedule]: register schedule G:\jingxian\node_modules\egg-logrotator\app\schedule\rotate_by_file.js
2019-01-03 15:09:27,124 INFO 6692 [egg-schedule]: register schedule G:\jingxian\node_modules\egg-logrotator\app\schedule\clean_log.js
2019-01-03 15:09:27,124 INFO 6692 [egg-schedule]: register schedule G:\jingxian\node_modules\egg-logrotator\app\schedule\rotate_by_file.js
2019-01-03 15:09:31,748 INFO 4672 [egg-schedule]: register schedule G:\jingxian\node_modules\egg-logrotator\app\schedule\clean_log.js
2019-01-03 15:09:31,748 INFO 4672 [egg-schedule]: register schedule G:\jingxian\node_modules\egg-logrotator\app\schedule\rotate_by_file.js
2019-01-03 15:09:38,777 INFO 9708 [egg-schedule]: register schedule G:\jingxian\node_modules\egg-logrotator\app\schedule\clean_log.js
2019-01-03 15:09:38,777 INFO 9708 [egg-schedule]: register schedule G:\jingxian\node_modules\egg-logrotator\app\schedule\rotate_by_file.js
2019-01-03 15:09:42,852 INFO 1440 [egg-schedule]: register schedule G:\jingxian\node_modules\egg-logrotator\app\schedule\clean_log.js
2019-01-03 15:09:42,852 INFO 1440 [egg-schedule]: register schedule G:\jingxian\node_modules\egg-logrotator\app\schedule\rotate_by_file.js
2019-01-03 15:09:53,543 INFO 16500 [egg-schedule]: register schedule G:\jingxian\node_modules\egg-logrotator\app\schedule\clean_log.js
2019-01-03 15:09:53,543 INFO 16500 [egg-schedule]: register schedule G:\jingxian\node_modules\egg-logrotator\app\schedule\rotate_by_file.js
2019-01-03 15:10:00,528 INFO 11056 [egg-schedule]: register schedule G:\jingxian\node_modules\egg-logrotator\app\schedule\clean_log.js
2019-01-03 15:10:00,528 INFO 11056 [egg-schedule]: register schedule G:\jingxian\node_modules\egg-logrotator\app\schedule\rotate_by_file.js
2019-01-03 15:10:05,061 INFO 3264 [egg-schedule]: register schedule G:\jingxian\node_modules\egg-logrotator\app\schedule\clean_log.js
2019-01-03 15:10:05,061 INFO 3264 [egg-schedule]: register schedule G:\jingxian\node_modules\egg-logrotator\app\schedule\rotate_by_file.js
2019-01-03 15:11:44,410 INFO 15340 [egg-schedule]: register schedule G:\jingxian\node_modules\egg-logrotator\app\schedule\clean_log.js
2019-01-03 15:11:44,410 INFO 15340 [egg-schedule]: register schedule G:\jingxian\node_modules\egg-logrotator\app\schedule\rotate_by_file.js
2019-01-03 15:11:47,622 INFO 9712 [egg-schedule]: register schedule G:\jingxian\node_modules\egg-logrotator\app\schedule\clean_log.js
2019-01-03 15:11:47,622 INFO 9712 [egg-schedule]: register schedule G:\jingxian\node_modules\egg-logrotator\app\schedule\rotate_by_file.js
2019-01-03 15:14:26,060 INFO 13468 [egg-schedule]: register schedule G:\jingxian\node_modules\egg-logrotator\app\schedule\clean_log.js
2019-01-03 15:14:26,060 INFO 13468 [egg-schedule]: register schedule G:\jingxian\node_modules\egg-logrotator\app\schedule\rotate_by_file.js
2019-01-03 15:14:29,941 INFO 6516 [egg-schedule]: register schedule G:\jingxian\node_modules\egg-logrotator\app\schedule\clean_log.js
2019-01-03 15:14:29,952 INFO 6516 [egg-schedule]: register schedule G:\jingxian\node_modules\egg-logrotator\app\schedule\rotate_by_file.js
2019-01-03 15:14:33,827 INFO 7716 [egg-schedule]: register schedule G:\jingxian\node_modules\egg-logrotator\app\schedule\clean_log.js
2019-01-03 15:14:33,827 INFO 7716 [egg-schedule]: register schedule G:\jingxian\node_modules\egg-logrotator\app\schedule\rotate_by_file.js
2019-01-03 15:14:38,004 INFO 14792 [egg-schedule]: register schedule G:\jingxian\node_modules\egg-logrotator\app\schedule\clean_log.js
2019-01-03 15:14:38,004 INFO 14792 [egg-schedule]: register schedule G:\jingxian\node_modules\egg-logrotator\app\schedule\rotate_by_file.js
2019-01-03 15:15:02,113 INFO 4040 [egg-schedule]: register schedule G:\jingxian\node_modules\egg-logrotator\app\schedule\clean_log.js
2019-01-03 15:15:02,113 INFO 4040 [egg-schedule]: register schedule G:\jingxian\node_modules\egg-logrotator\app\schedule\rotate_by_file.js
2019-01-03 15:15:07,076 INFO 9116 [egg-schedule]: register schedule G:\jingxian\node_modules\egg-logrotator\app\schedule\clean_log.js
2019-01-03 15:15:07,076 INFO 9116 [egg-schedule]: register schedule G:\jingxian\node_modules\egg-logrotator\app\schedule\rotate_by_file.js
2019-01-03 15:15:11,165 INFO 15792 [egg-schedule]: register schedule G:\jingxian\node_modules\egg-logrotator\app\schedule\clean_log.js
2019-01-03 15:15:11,165 INFO 15792 [egg-schedule]: register schedule G:\jingxian\node_modules\egg-logrotator\app\schedule\rotate_by_file.js
2019-01-03 15:15:16,111 INFO 1436 [egg-schedule]: register schedule G:\jingxian\node_modules\egg-logrotator\app\schedule\clean_log.js
2019-01-03 15:15:16,111 INFO 1436 [egg-schedule]: register schedule G:\jingxian\node_modules\egg-logrotator\app\schedule\rotate_by_file.js
2019-01-03 15:15:19,468 INFO 15268 [egg-schedule]: register schedule G:\jingxian\node_modules\egg-logrotator\app\schedule\clean_log.js
2019-01-03 15:15:19,468 INFO 15268 [egg-schedule]: register schedule G:\jingxian\node_modules\egg-logrotator\app\schedule\rotate_by_file.js
2019-01-03 15:15:28,333 INFO 3088 [egg-schedule]: register schedule G:\jingxian\node_modules\egg-logrotator\app\schedule\clean_log.js
2019-01-03 15:15:28,333 INFO 3088 [egg-schedule]: register schedule G:\jingxian\node_modules\egg-logrotator\app\schedule\rotate_by_file.js
2019-01-03 15:15:34,111 INFO 4252 [egg-schedule]: register schedule G:\jingxian\node_modules\egg-logrotator\app\schedule\clean_log.js
2019-01-03 15:15:34,112 INFO 4252 [egg-schedule]: register schedule G:\jingxian\node_modules\egg-logrotator\app\schedule\rotate_by_file.js
2019-01-03 15:15:39,021 INFO 15468 [egg-schedule]: register schedule G:\jingxian\node_modules\egg-logrotator\app\schedule\clean_log.js
2019-01-03 15:15:39,021 INFO 15468 [egg-schedule]: register schedule G:\jingxian\node_modules\egg-logrotator\app\schedule\rotate_by_file.js
2019-01-03 15:15:46,205 INFO 7344 [egg-schedule]: register schedule G:\jingxian\node_modules\egg-logrotator\app\schedule\clean_log.js
2019-01-03 15:15:46,205 INFO 7344 [egg-schedule]: register schedule G:\jingxian\node_modules\egg-logrotator\app\schedule\rotate_by_file.js
2019-01-03 15:15:48,914 INFO 13196 [egg-schedule]: register schedule G:\jingxian\node_modules\egg-logrotator\app\schedule\clean_log.js
2019-01-03 15:15:48,915 INFO 13196 [egg-schedule]: register schedule G:\jingxian\node_modules\egg-logrotator\app\schedule\rotate_by_file.js
2019-01-03 15:16:04,855 INFO 18400 [egg-schedule]: register schedule G:\jingxian\node_modules\egg-logrotator\app\schedule\clean_log.js
2019-01-03 15:16:04,855 INFO 18400 [egg-schedule]: register schedule G:\jingxian\node_modules\egg-logrotator\app\schedule\rotate_by_file.js
2019-01-03 15:16:14,959 INFO 1188 [egg-schedule]: register schedule G:\jingxian\node_modules\egg-logrotator\app\schedule\clean_log.js
2019-01-03 15:16:14,959 INFO 1188 [egg-schedule]: register schedule G:\jingxian\node_modules\egg-logrotator\app\schedule\rotate_by_file.js
2019-01-03 15:16:18,144 INFO 8132 [egg-schedule]: register schedule G:\jingxian\node_modules\egg-logrotator\app\schedule\clean_log.js
2019-01-03 15:16:18,144 INFO 8132 [egg-schedule]: register schedule G:\jingxian\node_modules\egg-logrotator\app\schedule\rotate_by_file.js
2019-01-03 15:16:21,883 INFO 10900 [egg-schedule]: register schedule G:\jingxian\node_modules\egg-logrotator\app\schedule\clean_log.js
2019-01-03 15:16:21,883 INFO 10900 [egg-schedule]: register schedule G:\jingxian\node_modules\egg-logrotator\app\schedule\rotate_by_file.js
2019-01-03 15:16:26,717 INFO 8024 [egg-schedule]: register schedule G:\jingxian\node_modules\egg-logrotator\app\schedule\clean_log.js
2019-01-03 15:16:26,717 INFO 8024 [egg-schedule]: register schedule G:\jingxian\node_modules\egg-logrotator\app\schedule\rotate_by_file.js
2019-01-03 15:16:31,841 INFO 8524 [egg-schedule]: register schedule G:\jingxian\node_modules\egg-logrotator\app\schedule\clean_log.js
2019-01-03 15:16:31,841 INFO 8524 [egg-schedule]: register schedule G:\jingxian\node_modules\egg-logrotator\app\schedule\rotate_by_file.js
2019-01-03 15:16:43,105 INFO 4824 [egg-schedule]: register schedule G:\jingxian\node_modules\egg-logrotator\app\schedule\clean_log.js
2019-01-03 15:16:43,105 INFO 4824 [egg-schedule]: register schedule G:\jingxian\node_modules\egg-logrotator\app\schedule\rotate_by_file.js
2019-01-03 15:18:07,199 INFO 5128 [egg-schedule]: register schedule G:\jingxian\node_modules\egg-logrotator\app\schedule\clean_log.js
2019-01-03 15:18:07,199 INFO 5128 [egg-schedule]: register schedule G:\jingxian\node_modules\egg-logrotator\app\schedule\rotate_by_file.js
2019-01-03 15:18:41,946 INFO 14312 [egg-schedule]: register schedule G:\jingxian\node_modules\egg-logrotator\app\schedule\clean_log.js
2019-01-03 15:18:41,946 INFO 14312 [egg-schedule]: register schedule G:\jingxian\node_modules\egg-logrotator\app\schedule\rotate_by_file.js
2019-01-03 15:18:47,515 INFO 17016 [egg-schedule]: register schedule G:\jingxian\node_modules\egg-logrotator\app\schedule\clean_log.js
2019-01-03 15:18:47,515 INFO 17016 [egg-schedule]: register schedule G:\jingxian\node_modules\egg-logrotator\app\schedule\rotate_by_file.js
2019-01-03 15:18:50,778 INFO 12152 [egg-schedule]: register schedule G:\jingxian\node_modules\egg-logrotator\app\schedule\clean_log.js
2019-01-03 15:18:50,778 INFO 12152 [egg-schedule]: register schedule G:\jingxian\node_modules\egg-logrotator\app\schedule\rotate_by_file.js
2019-01-03 15:18:56,931 INFO 17216 [egg-schedule]: register schedule G:\jingxian\node_modules\egg-logrotator\app\schedule\clean_log.js
2019-01-03 15:18:56,931 INFO 17216 [egg-schedule]: register schedule G:\jingxian\node_modules\egg-logrotator\app\schedule\rotate_by_file.js
2019-01-03 15:19:01,906 INFO 9468 [egg-schedule]: register schedule G:\jingxian\node_modules\egg-logrotator\app\schedule\clean_log.js
2019-01-03 15:19:01,906 INFO 9468 [egg-schedule]: register schedule G:\jingxian\node_modules\egg-logrotator\app\schedule\rotate_by_file.js
2019-01-03 15:19:05,351 INFO 18424 [egg-schedule]: register schedule G:\jingxian\node_modules\egg-logrotator\app\schedule\clean_log.js
2019-01-03 15:19:05,351 INFO 18424 [egg-schedule]: register schedule G:\jingxian\node_modules\egg-logrotator\app\schedule\rotate_by_file.js
2019-01-03 15:19:11,644 INFO 13768 [egg-schedule]: register schedule G:\jingxian\node_modules\egg-logrotator\app\schedule\clean_log.js
2019-01-03 15:19:11,644 INFO 13768 [egg-schedule]: register schedule G:\jingxian\node_modules\egg-logrotator\app\schedule\rotate_by_file.js
2019-01-03 15:19:16,931 INFO 15408 [egg-schedule]: register schedule G:\jingxian\node_modules\egg-logrotator\app\schedule\clean_log.js
2019-01-03 15:19:16,931 INFO 15408 [egg-schedule]: register schedule G:\jingxian\node_modules\egg-logrotator\app\schedule\rotate_by_file.js
2019-01-03 15:19:24,173 INFO 8736 [egg-schedule]: register schedule G:\jingxian\node_modules\egg-logrotator\app\schedule\clean_log.js
2019-01-03 15:19:24,173 INFO 8736 [egg-schedule]: register schedule G:\jingxian\node_modules\egg-logrotator\app\schedule\rotate_by_file.js
2019-01-03 15:19:30,738 INFO 4552 [egg-schedule]: register schedule G:\jingxian\node_modules\egg-logrotator\app\schedule\clean_log.js
2019-01-03 15:19:30,738 INFO 4552 [egg-schedule]: register schedule G:\jingxian\node_modules\egg-logrotator\app\schedule\rotate_by_file.js
2019-01-03 15:19:37,514 INFO 15456 [egg-schedule]: register schedule G:\jingxian\node_modules\egg-logrotator\app\schedule\clean_log.js
2019-01-03 15:19:37,514 INFO 15456 [egg-schedule]: register schedule G:\jingxian\node_modules\egg-logrotator\app\schedule\rotate_by_file.js
2019-01-03 15:19:42,530 INFO 16892 [egg-schedule]: register schedule G:\jingxian\node_modules\egg-logrotator\app\schedule\clean_log.js
2019-01-03 15:19:42,530 INFO 16892 [egg-schedule]: register schedule G:\jingxian\node_modules\egg-logrotator\app\schedule\rotate_by_file.js
2019-01-03 15:19:44,581 INFO 14248 [egg-schedule]: register schedule G:\jingxian\node_modules\egg-logrotator\app\schedule\clean_log.js
2019-01-03 15:19:44,581 INFO 14248 [egg-schedule]: register schedule G:\jingxian\node_modules\egg-logrotator\app\schedule\rotate_by_file.js
2019-01-03 15:19:51,934 INFO 7112 [egg-schedule]: register schedule G:\jingxian\node_modules\egg-logrotator\app\schedule\clean_log.js
2019-01-03 15:19:51,934 INFO 7112 [egg-schedule]: register schedule G:\jingxian\node_modules\egg-logrotator\app\schedule\rotate_by_file.js
2019-01-03 15:19:56,022 INFO 14308 [egg-schedule]: register schedule G:\jingxian\node_modules\egg-logrotator\app\schedule\clean_log.js
2019-01-03 15:19:56,022 INFO 14308 [egg-schedule]: register schedule G:\jingxian\node_modules\egg-logrotator\app\schedule\rotate_by_file.js
2019-01-03 15:20:01,407 INFO 17352 [egg-schedule]: register schedule G:\jingxian\node_modules\egg-logrotator\app\schedule\clean_log.js
2019-01-03 15:20:01,407 INFO 17352 [egg-schedule]: register schedule G:\jingxian\node_modules\egg-logrotator\app\schedule\rotate_by_file.js
2019-01-03 15:20:04,784 INFO 9384 [egg-schedule]: register schedule G:\jingxian\node_modules\egg-logrotator\app\schedule\clean_log.js
2019-01-03 15:20:04,784 INFO 9384 [egg-schedule]: register schedule G:\jingxian\node_modules\egg-logrotator\app\schedule\rotate_by_file.js
2019-01-03 15:20:04,967 INFO 15860 [egg-schedule]: register schedule G:\jingxian\node_modules\egg-logrotator\app\schedule\clean_log.js
2019-01-03 15:20:04,967 INFO 15860 [egg-schedule]: register schedule G:\jingxian\node_modules\egg-logrotator\app\schedule\rotate_by_file.js
2019-01-03 15:20:08,167 INFO 11056 [egg-schedule]: register schedule G:\jingxian\node_modules\egg-logrotator\app\schedule\clean_log.js
2019-01-03 15:20:08,168 INFO 11056 [egg-schedule]: register schedule G:\jingxian\node_modules\egg-logrotator\app\schedule\rotate_by_file.js
2019-01-03 15:21:50,815 INFO 15964 [egg-schedule]: register schedule G:\jingxian\node_modules\egg-logrotator\app\schedule\clean_log.js
2019-01-03 15:21:50,815 INFO 15964 [egg-schedule]: register schedule G:\jingxian\node_modules\egg-logrotator\app\schedule\rotate_by_file.js
2019-01-03 15:21:56,556 INFO 14872 [egg-schedule]: register schedule G:\jingxian\node_modules\egg-logrotator\app\schedule\clean_log.js
2019-01-03 15:21:56,556 INFO 14872 [egg-schedule]: register schedule G:\jingxian\node_modules\egg-logrotator\app\schedule\rotate_by_file.js
2019-01-03 15:22:00,403 INFO 4908 [egg-schedule]: register schedule G:\jingxian\node_modules\egg-logrotator\app\schedule\clean_log.js
2019-01-03 15:22:00,403 INFO 4908 [egg-schedule]: register schedule G:\jingxian\node_modules\egg-logrotator\app\schedule\rotate_by_file.js
2019-01-03 17:09:00,499 INFO 17012 [egg-schedule]: register schedule G:\jingxian\node_modules\egg-logrotator\app\schedule\clean_log.js
2019-01-03 17:09:00,499 INFO 17012 [egg-schedule]: register schedule G:\jingxian\node_modules\egg-logrotator\app\schedule\rotate_by_file.js
2019-01-03 17:09:04,753 INFO 6552 [egg-schedule]: register schedule G:\jingxian\node_modules\egg-logrotator\app\schedule\clean_log.js
2019-01-03 17:09:04,753 INFO 6552 [egg-schedule]: register schedule G:\jingxian\node_modules\egg-logrotator\app\schedule\rotate_by_file.js
2019-01-03 17:12:50,379 INFO 7248 [egg-schedule]: register schedule G:\jingxian\node_modules\egg-logrotator\app\schedule\clean_log.js
2019-01-03 17:12:50,379 INFO 7248 [egg-schedule]: register schedule G:\jingxian\node_modules\egg-logrotator\app\schedule\rotate_by_file.js
2019-01-03 17:13:18,533 INFO 16584 [egg-schedule]: register schedule G:\jingxian\node_modules\egg-logrotator\app\schedule\clean_log.js
2019-01-03 17:13:18,533 INFO 16584 [egg-schedule]: register schedule G:\jingxian\node_modules\egg-logrotator\app\schedule\rotate_by_file.js
2019-01-03 17:33:39,786 INFO 536 [egg-schedule]: register schedule G:\jingxian\node_modules\egg-logrotator\app\schedule\clean_log.js
2019-01-03 17:33:39,786 INFO 536 [egg-schedule]: register schedule G:\jingxian\node_modules\egg-logrotator\app\schedule\rotate_by_file.js
2019-01-03 17:33:43,240 INFO 11308 [egg-schedule]: register schedule G:\jingxian\node_modules\egg-logrotator\app\schedule\clean_log.js
2019-01-03 17:33:43,240 INFO 11308 [egg-schedule]: register schedule G:\jingxian\node_modules\egg-logrotator\app\schedule\rotate_by_file.js
2019-01-03 17:49:03,043 INFO 14312 [egg-schedule]: register schedule G:\jingxian\node_modules\egg-logrotator\app\schedule\clean_log.js
2019-01-03 17:49:03,043 INFO 14312 [egg-schedule]: register schedule G:\jingxian\node_modules\egg-logrotator\app\schedule\rotate_by_file.js
2019-01-03 17:49:08,697 INFO 10488 [egg-schedule]: register schedule G:\jingxian\node_modules\egg-logrotator\app\schedule\clean_log.js
2019-01-03 17:49:08,697 INFO 10488 [egg-schedule]: register schedule G:\jingxian\node_modules\egg-logrotator\app\schedule\rotate_by_file.js
2019-01-03 17:49:40,707 INFO 4340 [egg-schedule]: register schedule G:\jingxian\node_modules\egg-logrotator\app\schedule\clean_log.js
2019-01-03 17:49:40,707 INFO 4340 [egg-schedule]: register schedule G:\jingxian\node_modules\egg-logrotator\app\schedule\rotate_by_file.js
2019-01-03 17:49:43,964 INFO 3292 [egg-schedule]: register schedule G:\jingxian\node_modules\egg-logrotator\app\schedule\clean_log.js
2019-01-03 17:49:43,964 INFO 3292 [egg-schedule]: register schedule G:\jingxian\node_modules\egg-logrotator\app\schedule\rotate_by_file.js
2019-01-03 17:49:47,936 INFO 9140 [egg-schedule]: register schedule G:\jingxian\node_modules\egg-logrotator\app\schedule\clean_log.js
2019-01-03 17:49:47,937 INFO 9140 [egg-schedule]: register schedule G:\jingxian\node_modules\egg-logrotator\app\schedule\rotate_by_file.js
2019-01-03 17:49:51,004 INFO 15760 [egg-schedule]: register schedule G:\jingxian\node_modules\egg-logrotator\app\schedule\clean_log.js
2019-01-03 17:49:51,004 INFO 15760 [egg-schedule]: register schedule G:\jingxian\node_modules\egg-logrotator\app\schedule\rotate_by_file.js
2019-01-03 17:52:13,130 INFO 7876 [egg-schedule]: register schedule G:\jingxian\node_modules\egg-logrotator\app\schedule\clean_log.js
2019-01-03 17:52:13,130 INFO 7876 [egg-schedule]: register schedule G:\jingxian\node_modules\egg-logrotator\app\schedule\rotate_by_file.js
2019-01-03 17:52:16,709 INFO 7324 [egg-schedule]: register schedule G:\jingxian\node_modules\egg-logrotator\app\schedule\clean_log.js
2019-01-03 17:52:16,709 INFO 7324 [egg-schedule]: register schedule G:\jingxian\node_modules\egg-logrotator\app\schedule\rotate_by_file.js
2019-01-03 17:52:21,577 INFO 416 [egg-schedule]: register schedule G:\jingxian\node_modules\egg-logrotator\app\schedule\clean_log.js
2019-01-03 17:52:21,577 INFO 416 [egg-schedule]: register schedule G:\jingxian\node_modules\egg-logrotator\app\schedule\rotate_by_file.js
2019-01-03 17:52:30,178 INFO 5748 [egg-schedule]: register schedule G:\jingxian\node_modules\egg-logrotator\app\schedule\clean_log.js
2019-01-03 17:52:30,178 INFO 5748 [egg-schedule]: register schedule G:\jingxian\node_modules\egg-logrotator\app\schedule\rotate_by_file.js
2019-01-03 17:52:34,488 INFO 16784 [egg-schedule]: register schedule G:\jingxian\node_modules\egg-logrotator\app\schedule\clean_log.js
2019-01-03 17:52:34,489 INFO 16784 [egg-schedule]: register schedule G:\jingxian\node_modules\egg-logrotator\app\schedule\rotate_by_file.js
2019-01-03 17:52:40,476 INFO 11840 [egg-schedule]: register schedule G:\jingxian\node_modules\egg-logrotator\app\schedule\clean_log.js
2019-01-03 17:52:40,476 INFO 11840 [egg-schedule]: register schedule G:\jingxian\node_modules\egg-logrotator\app\schedule\rotate_by_file.js
2019-01-03 17:52:45,755 INFO 5548 [egg-schedule]: register schedule G:\jingxian\node_modules\egg-logrotator\app\schedule\clean_log.js
2019-01-03 17:52:45,755 INFO 5548 [egg-schedule]: register schedule G:\jingxian\node_modules\egg-logrotator\app\schedule\rotate_by_file.js
2019-01-03 17:52:50,796 INFO 1424 [egg-schedule]: register schedule G:\jingxian\node_modules\egg-logrotator\app\schedule\clean_log.js
2019-01-03 17:52:50,796 INFO 1424 [egg-schedule]: register schedule G:\jingxian\node_modules\egg-logrotator\app\schedule\rotate_by_file.js
2019-01-03 17:52:57,193 INFO 7788 [egg-schedule]: register schedule G:\jingxian\node_modules\egg-logrotator\app\schedule\clean_log.js
2019-01-03 17:52:57,193 INFO 7788 [egg-schedule]: register schedule G:\jingxian\node_modules\egg-logrotator\app\schedule\rotate_by_file.js
2019-01-03 17:53:02,696 INFO 244 [egg-schedule]: register schedule G:\jingxian\node_modules\egg-logrotator\app\schedule\clean_log.js
2019-01-03 17:53:02,696 INFO 244 [egg-schedule]: register schedule G:\jingxian\node_modules\egg-logrotator\app\schedule\rotate_by_file.js
2019-01-03 17:53:11,079 INFO 7204 [egg-schedule]: register schedule G:\jingxian\node_modules\egg-logrotator\app\schedule\clean_log.js
2019-01-03 17:53:11,079 INFO 7204 [egg-schedule]: register schedule G:\jingxian\node_modules\egg-logrotator\app\schedule\rotate_by_file.js
2019-01-03 17:53:13,818 INFO 4536 [egg-schedule]: register schedule G:\jingxian\node_modules\egg-logrotator\app\schedule\clean_log.js
2019-01-03 17:53:13,818 INFO 4536 [egg-schedule]: register schedule G:\jingxian\node_modules\egg-logrotator\app\schedule\rotate_by_file.js
2019-01-03 17:53:34,934 INFO 11008 [egg-schedule]: register schedule G:\jingxian\node_modules\egg-logrotator\app\schedule\clean_log.js
2019-01-03 17:53:34,934 INFO 11008 [egg-schedule]: register schedule G:\jingxian\node_modules\egg-logrotator\app\schedule\rotate_by_file.js
2019-01-03 17:53:41,911 INFO 17472 [egg-schedule]: register schedule G:\jingxian\node_modules\egg-logrotator\app\schedule\clean_log.js
2019-01-03 17:53:41,911 INFO 17472 [egg-schedule]: register schedule G:\jingxian\node_modules\egg-logrotator\app\schedule\rotate_by_file.js
2019-01-03 17:54:06,190 INFO 11852 [egg-schedule]: register schedule G:\jingxian\node_modules\egg-logrotator\app\schedule\clean_log.js
2019-01-03 17:54:06,190 INFO 11852 [egg-schedule]: register schedule G:\jingxian\node_modules\egg-logrotator\app\schedule\rotate_by_file.js
2019-01-03 17:54:13,322 INFO 9624 [egg-schedule]: register schedule G:\jingxian\node_modules\egg-logrotator\app\schedule\clean_log.js
2019-01-03 17:54:13,322 INFO 9624 [egg-schedule]: register schedule G:\jingxian\node_modules\egg-logrotator\app\schedule\rotate_by_file.js
2019-01-03 17:54:19,752 INFO 6704 [egg-schedule]: register schedule G:\jingxian\node_modules\egg-logrotator\app\schedule\clean_log.js
2019-01-03 17:54:19,752 INFO 6704 [egg-schedule]: register schedule G:\jingxian\node_modules\egg-logrotator\app\schedule\rotate_by_file.js
2019-01-03 17:54:27,009 INFO 9804 [egg-schedule]: register schedule G:\jingxian\node_modules\egg-logrotator\app\schedule\clean_log.js
2019-01-03 17:54:27,009 INFO 9804 [egg-schedule]: register schedule G:\jingxian\node_modules\egg-logrotator\app\schedule\rotate_by_file.js
2019-01-03 17:54:33,210 INFO 7228 [egg-schedule]: register schedule G:\jingxian\node_modules\egg-logrotator\app\schedule\clean_log.js
2019-01-03 17:54:33,210 INFO 7228 [egg-schedule]: register schedule G:\jingxian\node_modules\egg-logrotator\app\schedule\rotate_by_file.js
2019-01-03 17:54:38,411 INFO 11076 [egg-schedule]: register schedule G:\jingxian\node_modules\egg-logrotator\app\schedule\clean_log.js
2019-01-03 17:54:38,411 INFO 11076 [egg-schedule]: register schedule G:\jingxian\node_modules\egg-logrotator\app\schedule\rotate_by_file.js
2019-01-03 17:54:44,721 INFO 9128 [egg-schedule]: register schedule G:\jingxian\node_modules\egg-logrotator\app\schedule\clean_log.js
2019-01-03 17:54:44,722 INFO 9128 [egg-schedule]: register schedule G:\jingxian\node_modules\egg-logrotator\app\schedule\rotate_by_file.js
2019-01-03 17:54:46,753 INFO 13092 [egg-schedule]: register schedule G:\jingxian\node_modules\egg-logrotator\app\schedule\clean_log.js
2019-01-03 17:54:46,753 INFO 13092 [egg-schedule]: register schedule G:\jingxian\node_modules\egg-logrotator\app\schedule\rotate_by_file.js
2019-01-03 17:54:52,775 INFO 11180 [egg-schedule]: register schedule G:\jingxian\node_modules\egg-logrotator\app\schedule\clean_log.js
2019-01-03 17:54:52,775 INFO 11180 [egg-schedule]: register schedule G:\jingxian\node_modules\egg-logrotator\app\schedule\rotate_by_file.js
2019-01-03 17:55:03,928 INFO 9300 [egg-schedule]: register schedule G:\jingxian\node_modules\egg-logrotator\app\schedule\clean_log.js
2019-01-03 17:55:03,928 INFO 9300 [egg-schedule]: register schedule G:\jingxian\node_modules\egg-logrotator\app\schedule\rotate_by_file.js
2019-01-03 17:55:07,840 INFO 11316 [egg-schedule]: register schedule G:\jingxian\node_modules\egg-logrotator\app\schedule\clean_log.js
2019-01-03 17:55:07,840 INFO 11316 [egg-schedule]: register schedule G:\jingxian\node_modules\egg-logrotator\app\schedule\rotate_by_file.js
2019-01-03 17:55:09,805 INFO 16200 [egg-schedule]: register schedule G:\jingxian\node_modules\egg-logrotator\app\schedule\clean_log.js
2019-01-03 17:55:09,805 INFO 16200 [egg-schedule]: register schedule G:\jingxian\node_modules\egg-logrotator\app\schedule\rotate_by_file.js
2019-01-03 17:55:22,321 INFO 17628 [egg-schedule]: register schedule G:\jingxian\node_modules\egg-logrotator\app\schedule\clean_log.js
2019-01-03 17:55:22,321 INFO 17628 [egg-schedule]: register schedule G:\jingxian\node_modules\egg-logrotator\app\schedule\rotate_by_file.js
2019-01-03 17:55:46,736 INFO 10544 [egg-schedule]: register schedule G:\jingxian\node_modules\egg-logrotator\app\schedule\clean_log.js
2019-01-03 17:55:46,736 INFO 10544 [egg-schedule]: register schedule G:\jingxian\node_modules\egg-logrotator\app\schedule\rotate_by_file.js
2019-01-03 17:55:53,136 INFO 18164 [egg-schedule]: register schedule G:\jingxian\node_modules\egg-logrotator\app\schedule\clean_log.js
2019-01-03 17:55:53,136 INFO 18164 [egg-schedule]: register schedule G:\jingxian\node_modules\egg-logrotator\app\schedule\rotate_by_file.js
2019-01-03 17:55:56,151 INFO 17288 [egg-schedule]: register schedule G:\jingxian\node_modules\egg-logrotator\app\schedule\clean_log.js
2019-01-03 17:55:56,151 INFO 17288 [egg-schedule]: register schedule G:\jingxian\node_modules\egg-logrotator\app\schedule\rotate_by_file.js
2019-01-03 17:56:02,547 INFO 13332 [egg-schedule]: register schedule G:\jingxian\node_modules\egg-logrotator\app\schedule\clean_log.js
2019-01-03 17:56:02,547 INFO 13332 [egg-schedule]: register schedule G:\jingxian\node_modules\egg-logrotator\app\schedule\rotate_by_file.js
2019-01-03 17:56:08,146 INFO 15984 [egg-schedule]: register schedule G:\jingxian\node_modules\egg-logrotator\app\schedule\clean_log.js
2019-01-03 17:56:08,146 INFO 15984 [egg-schedule]: register schedule G:\jingxian\node_modules\egg-logrotator\app\schedule\rotate_by_file.js
2019-01-03 17:56:11,240 INFO 14256 [egg-schedule]: register schedule G:\jingxian\node_modules\egg-logrotator\app\schedule\clean_log.js
2019-01-03 17:56:11,240 INFO 14256 [egg-schedule]: register schedule G:\jingxian\node_modules\egg-logrotator\app\schedule\rotate_by_file.js
2019-01-03 17:56:49,763 INFO 12552 [egg-schedule]: register schedule G:\jingxian\node_modules\egg-logrotator\app\schedule\clean_log.js
2019-01-03 17:56:49,763 INFO 12552 [egg-schedule]: register schedule G:\jingxian\node_modules\egg-logrotator\app\schedule\rotate_by_file.js
2019-01-03 17:56:58,004 INFO 11848 [egg-schedule]: register schedule G:\jingxian\node_modules\egg-logrotator\app\schedule\clean_log.js
2019-01-03 17:56:58,004 INFO 11848 [egg-schedule]: register schedule G:\jingxian\node_modules\egg-logrotator\app\schedule\rotate_by_file.js
2019-01-03 17:57:04,325 INFO 11236 [egg-schedule]: register schedule G:\jingxian\node_modules\egg-logrotator\app\schedule\clean_log.js
2019-01-03 17:57:04,325 INFO 11236 [egg-schedule]: register schedule G:\jingxian\node_modules\egg-logrotator\app\schedule\rotate_by_file.js
2019-01-03 17:57:06,773 INFO 14488 [egg-schedule]: register schedule G:\jingxian\node_modules\egg-logrotator\app\schedule\clean_log.js
2019-01-03 17:57:06,773 INFO 14488 [egg-schedule]: register schedule G:\jingxian\node_modules\egg-logrotator\app\schedule\rotate_by_file.js
2019-01-03 17:57:11,471 INFO 12792 [egg-schedule]: register schedule G:\jingxian\node_modules\egg-logrotator\app\schedule\clean_log.js
2019-01-03 17:57:11,478 INFO 12792 [egg-schedule]: register schedule G:\jingxian\node_modules\egg-logrotator\app\schedule\rotate_by_file.js
2019-01-03 17:57:14,300 INFO 2840 [egg-schedule]: register schedule G:\jingxian\node_modules\egg-logrotator\app\schedule\clean_log.js
2019-01-03 17:57:14,300 INFO 2840 [egg-schedule]: register schedule G:\jingxian\node_modules\egg-logrotator\app\schedule\rotate_by_file.js
2019-01-03 17:57:25,512 INFO 5916 [egg-schedule]: register schedule G:\jingxian\node_modules\egg-logrotator\app\schedule\clean_log.js
2019-01-03 17:57:25,512 INFO 5916 [egg-schedule]: register schedule G:\jingxian\node_modules\egg-logrotator\app\schedule\rotate_by_file.js
2019-01-03 18:03:30,949 INFO 8960 [egg-schedule]: register schedule G:\jingxian\node_modules\egg-logrotator\app\schedule\clean_log.js
2019-01-03 18:03:30,949 INFO 8960 [egg-schedule]: register schedule G:\jingxian\node_modules\egg-logrotator\app\schedule\rotate_by_file.js
2019-01-03 18:03:38,249 INFO 13180 [egg-schedule]: register schedule G:\jingxian\node_modules\egg-logrotator\app\schedule\clean_log.js
2019-01-03 18:03:38,250 INFO 13180 [egg-schedule]: register schedule G:\jingxian\node_modules\egg-logrotator\app\schedule\rotate_by_file.js
2019-01-03 18:05:06,547 INFO 6616 [egg-schedule]: register schedule G:\jingxian\node_modules\egg-logrotator\app\schedule\clean_log.js
2019-01-03 18:05:06,547 INFO 6616 [egg-schedule]: register schedule G:\jingxian\node_modules\egg-logrotator\app\schedule\rotate_by_file.js
2019-01-03 18:05:10,614 INFO 6288 [egg-schedule]: register schedule G:\jingxian\node_modules\egg-logrotator\app\schedule\clean_log.js
2019-01-03 18:05:10,614 INFO 6288 [egg-schedule]: register schedule G:\jingxian\node_modules\egg-logrotator\app\schedule\rotate_by_file.js
2019-01-03 18:05:14,175 INFO 15712 [egg-schedule]: register schedule G:\jingxian\node_modules\egg-logrotator\app\schedule\clean_log.js
2019-01-03 18:05:14,175 INFO 15712 [egg-schedule]: register schedule G:\jingxian\node_modules\egg-logrotator\app\schedule\rotate_by_file.js
2019-01-03 18:05:16,377 INFO 15072 [egg-schedule]: register schedule G:\jingxian\node_modules\egg-logrotator\app\schedule\clean_log.js
2019-01-03 18:05:16,383 INFO 15072 [egg-schedule]: register schedule G:\jingxian\node_modules\egg-logrotator\app\schedule\rotate_by_file.js
2019-01-03 18:05:44,708 INFO 9708 [egg-schedule]: register schedule G:\jingxian\node_modules\egg-logrotator\app\schedule\clean_log.js
2019-01-03 18:05:44,708 INFO 9708 [egg-schedule]: register schedule G:\jingxian\node_modules\egg-logrotator\app\schedule\rotate_by_file.js
2019-01-03 18:09:40,872 INFO 18064 [egg-schedule]: register schedule G:\jingxian\node_modules\egg-logrotator\app\schedule\clean_log.js
2019-01-03 18:09:40,872 INFO 18064 [egg-schedule]: register schedule G:\jingxian\node_modules\egg-logrotator\app\schedule\rotate_by_file.js
2019-01-03 18:09:44,949 INFO 1672 [egg-schedule]: register schedule G:\jingxian\node_modules\egg-logrotator\app\schedule\clean_log.js
2019-01-03 18:09:44,950 INFO 1672 [egg-schedule]: register schedule G:\jingxian\node_modules\egg-logrotator\app\schedule\rotate_by_file.js
2019-01-03 18:10:01,436 INFO 13504 [egg-schedule]: register schedule G:\jingxian\node_modules\egg-logrotator\app\schedule\clean_log.js
2019-01-03 18:10:01,436 INFO 13504 [egg-schedule]: register schedule G:\jingxian\node_modules\egg-logrotator\app\schedule\rotate_by_file.js
2019-01-03 18:10:05,059 INFO 5540 [egg-schedule]: register schedule G:\jingxian\node_modules\egg-logrotator\app\schedule\clean_log.js
2019-01-03 18:10:05,059 INFO 5540 [egg-schedule]: register schedule G:\jingxian\node_modules\egg-logrotator\app\schedule\rotate_by_file.js
2019-01-03 18:10:17,635 INFO 10760 [egg-schedule]: register schedule G:\jingxian\node_modules\egg-logrotator\app\schedule\clean_log.js
2019-01-03 18:10:17,635 INFO 10760 [egg-schedule]: register schedule G:\jingxian\node_modules\egg-logrotator\app\schedule\rotate_by_file.js
2019-01-03 18:10:23,799 INFO 352 [egg-schedule]: register schedule G:\jingxian\node_modules\egg-logrotator\app\schedule\clean_log.js
2019-01-03 18:10:23,799 INFO 352 [egg-schedule]: register schedule G:\jingxian\node_modules\egg-logrotator\app\schedule\rotate_by_file.js
2019-01-03 18:12:25,728 INFO 9188 [egg-schedule]: register schedule G:\jingxian\node_modules\egg-logrotator\app\schedule\clean_log.js
2019-01-03 18:12:25,728 INFO 9188 [egg-schedule]: register schedule G:\jingxian\node_modules\egg-logrotator\app\schedule\rotate_by_file.js
2019-01-03 18:12:28,830 INFO 13208 [egg-schedule]: register schedule G:\jingxian\node_modules\egg-logrotator\app\schedule\clean_log.js
2019-01-03 18:12:28,830 INFO 13208 [egg-schedule]: register schedule G:\jingxian\node_modules\egg-logrotator\app\schedule\rotate_by_file.js
2019-01-03 18:13:54,505 INFO 1200 [egg-schedule]: register schedule G:\jingxian\node_modules\egg-logrotator\app\schedule\clean_log.js
2019-01-03 18:13:54,505 INFO 1200 [egg-schedule]: register schedule G:\jingxian\node_modules\egg-logrotator\app\schedule\rotate_by_file.js
2019-01-03 18:13:57,870 INFO 13212 [egg-schedule]: register schedule G:\jingxian\node_modules\egg-logrotator\app\schedule\clean_log.js
2019-01-03 18:13:57,870 INFO 13212 [egg-schedule]: register schedule G:\jingxian\node_modules\egg-logrotator\app\schedule\rotate_by_file.js
2019-01-03 18:15:09,102 INFO 17016 [egg-schedule]: register schedule G:\jingxian\node_modules\egg-logrotator\app\schedule\clean_log.js
2019-01-03 18:15:09,102 INFO 17016 [egg-schedule]: register schedule G:\jingxian\node_modules\egg-logrotator\app\schedule\rotate_by_file.js
2019-01-03 18:15:12,954 INFO 13004 [egg-schedule]: register schedule G:\jingxian\node_modules\egg-logrotator\app\schedule\clean_log.js
2019-01-03 18:15:12,954 INFO 13004 [egg-schedule]: register schedule G:\jingxian\node_modules\egg-logrotator\app\schedule\rotate_by_file.js
2019-01-03 18:15:15,638 INFO 4824 [egg-schedule]: register schedule G:\jingxian\node_modules\egg-logrotator\app\schedule\clean_log.js
2019-01-03 18:15:15,638 INFO 4824 [egg-schedule]: register schedule G:\jingxian\node_modules\egg-logrotator\app\schedule\rotate_by_file.js
2019-01-03 18:15:20,710 INFO 8592 [egg-schedule]: register schedule G:\jingxian\node_modules\egg-logrotator\app\schedule\clean_log.js
2019-01-03 18:15:20,710 INFO 8592 [egg-schedule]: register schedule G:\jingxian\node_modules\egg-logrotator\app\schedule\rotate_by_file.js
2019-01-03 18:15:23,912 INFO 15204 [egg-schedule]: register schedule G:\jingxian\node_modules\egg-logrotator\app\schedule\clean_log.js
2019-01-03 18:15:23,912 INFO 15204 [egg-schedule]: register schedule G:\jingxian\node_modules\egg-logrotator\app\schedule\rotate_by_file.js
2019-01-03 18:15:27,758 INFO 3064 [egg-schedule]: register schedule G:\jingxian\node_modules\egg-logrotator\app\schedule\clean_log.js
2019-01-03 18:15:27,758 INFO 3064 [egg-schedule]: register schedule G:\jingxian\node_modules\egg-logrotator\app\schedule\rotate_by_file.js
2019-01-03 18:21:28,319 INFO 12580 [egg-schedule]: register schedule G:\jingxian\node_modules\egg-logrotator\app\schedule\clean_log.js
2019-01-03 18:21:28,320 INFO 12580 [egg-schedule]: register schedule G:\jingxian\node_modules\egg-logrotator\app\schedule\rotate_by_file.js
2019-01-03 18:21:31,840 INFO 9836 [egg-schedule]: register schedule G:\jingxian\node_modules\egg-logrotator\app\schedule\clean_log.js
2019-01-03 18:21:31,840 INFO 9836 [egg-schedule]: register schedule G:\jingxian\node_modules\egg-logrotator\app\schedule\rotate_by_file.js
2019-01-03 18:21:54,572 INFO 2680 [egg-schedule]: register schedule G:\jingxian\node_modules\egg-logrotator\app\schedule\clean_log.js
2019-01-03 18:21:54,572 INFO 2680 [egg-schedule]: register schedule G:\jingxian\node_modules\egg-logrotator\app\schedule\rotate_by_file.js
2019-01-03 18:21:57,869 INFO 1312 [egg-schedule]: register schedule G:\jingxian\node_modules\egg-logrotator\app\schedule\clean_log.js
2019-01-03 18:21:57,869 INFO 1312 [egg-schedule]: register schedule G:\jingxian\node_modules\egg-logrotator\app\schedule\rotate_by_file.js
2019-01-03 18:22:06,680 INFO 13924 [egg-schedule]: register schedule G:\jingxian\node_modules\egg-logrotator\app\schedule\clean_log.js
2019-01-03 18:22:06,680 INFO 13924 [egg-schedule]: register schedule G:\jingxian\node_modules\egg-logrotator\app\schedule\rotate_by_file.js
2019-01-03 18:22:14,279 INFO 16504 [egg-schedule]: register schedule G:\jingxian\node_modules\egg-logrotator\app\schedule\clean_log.js
2019-01-03 18:22:14,279 INFO 16504 [egg-schedule]: register schedule G:\jingxian\node_modules\egg-logrotator\app\schedule\rotate_by_file.js
2019-01-03 18:22:24,683 INFO 9304 [egg-schedule]: register schedule G:\jingxian\node_modules\egg-logrotator\app\schedule\clean_log.js
2019-01-03 18:22:24,683 INFO 9304 [egg-schedule]: register schedule G:\jingxian\node_modules\egg-logrotator\app\schedule\rotate_by_file.js
2019-01-03 18:22:28,672 INFO 772 [egg-schedule]: register schedule G:\jingxian\node_modules\egg-logrotator\app\schedule\clean_log.js
2019-01-03 18:22:28,672 INFO 772 [egg-schedule]: register schedule G:\jingxian\node_modules\egg-logrotator\app\schedule\rotate_by_file.js
2019-01-03 18:22:33,519 INFO 17576 [egg-schedule]: register schedule G:\jingxian\node_modules\egg-logrotator\app\schedule\clean_log.js
2019-01-03 18:22:33,519 INFO 17576 [egg-schedule]: register schedule G:\jingxian\node_modules\egg-logrotator\app\schedule\rotate_by_file.js
2019-01-03 18:22:49,499 INFO 11432 [egg-schedule]: register schedule G:\jingxian\node_modules\egg-logrotator\app\schedule\clean_log.js
2019-01-03 18:22:49,499 INFO 11432 [egg-schedule]: register schedule G:\jingxian\node_modules\egg-logrotator\app\schedule\rotate_by_file.js
2019-01-03 18:22:54,380 INFO 12376 [egg-schedule]: register schedule G:\jingxian\node_modules\egg-logrotator\app\schedule\clean_log.js
2019-01-03 18:22:54,380 INFO 12376 [egg-schedule]: register schedule G:\jingxian\node_modules\egg-logrotator\app\schedule\rotate_by_file.js
2019-01-03 18:22:57,598 INFO 8596 [egg-schedule]: register schedule G:\jingxian\node_modules\egg-logrotator\app\schedule\clean_log.js
2019-01-03 18:22:57,598 INFO 8596 [egg-schedule]: register schedule G:\jingxian\node_modules\egg-logrotator\app\schedule\rotate_by_file.js
2019-01-03 18:23:28,251 INFO 12812 [egg-schedule]: register schedule G:\jingxian\node_modules\egg-logrotator\app\schedule\clean_log.js
2019-01-03 18:23:28,252 INFO 12812 [egg-schedule]: register schedule G:\jingxian\node_modules\egg-logrotator\app\schedule\rotate_by_file.js
2019-01-03 18:23:33,983 INFO 6428 [egg-schedule]: register schedule G:\jingxian\node_modules\egg-logrotator\app\schedule\clean_log.js
2019-01-03 18:23:33,983 INFO 6428 [egg-schedule]: register schedule G:\jingxian\node_modules\egg-logrotator\app\schedule\rotate_by_file.js
2019-01-03 18:23:37,274 INFO 772 [egg-schedule]: register schedule G:\jingxian\node_modules\egg-logrotator\app\schedule\clean_log.js
2019-01-03 18:23:37,275 INFO 772 [egg-schedule]: register schedule G:\jingxian\node_modules\egg-logrotator\app\schedule\rotate_by_file.js
2019-01-03 18:24:03,187 INFO 15636 [egg-schedule]: register schedule G:\jingxian\node_modules\egg-logrotator\app\schedule\clean_log.js
2019-01-03 18:24:03,187 INFO 15636 [egg-schedule]: register schedule G:\jingxian\node_modules\egg-logrotator\app\schedule\rotate_by_file.js
2019-01-03 18:24:06,467 INFO 14636 [egg-schedule]: register schedule G:\jingxian\node_modules\egg-logrotator\app\schedule\clean_log.js
2019-01-03 18:24:06,467 INFO 14636 [egg-schedule]: register schedule G:\jingxian\node_modules\egg-logrotator\app\schedule\rotate_by_file.js
2019-01-03 18:24:19,873 INFO 10988 [egg-schedule]: register schedule G:\jingxian\node_modules\egg-logrotator\app\schedule\clean_log.js
2019-01-03 18:24:19,873 INFO 10988 [egg-schedule]: register schedule G:\jingxian\node_modules\egg-logrotator\app\schedule\rotate_by_file.js
2019-01-03 18:24:26,627 INFO 14744 [egg-schedule]: register schedule G:\jingxian\node_modules\egg-logrotator\app\schedule\clean_log.js
2019-01-03 18:24:26,637 INFO 14744 [egg-schedule]: register schedule G:\jingxian\node_modules\egg-logrotator\app\schedule\rotate_by_file.js
2019-01-03 18:24:31,183 INFO 2128 [egg-schedule]: register schedule G:\jingxian\node_modules\egg-logrotator\app\schedule\clean_log.js
2019-01-03 18:24:31,183 INFO 2128 [egg-schedule]: register schedule G:\jingxian\node_modules\egg-logrotator\app\schedule\rotate_by_file.js
2019-01-03 18:24:32,623 INFO 12528 [egg-schedule]: register schedule G:\jingxian\node_modules\egg-logrotator\app\schedule\clean_log.js
2019-01-03 18:24:32,623 INFO 12528 [egg-schedule]: register schedule G:\jingxian\node_modules\egg-logrotator\app\schedule\rotate_by_file.js
