2019-01-03 11:29:36,016 WARN 14704 [-/127.0.0.1/-/17ms GET /] nodejs.UnauthorizedError: No authorization token was found
    at middleware (G:\jingxian\node_modules\koa-jwt2\lib\index.js:89:15)
    at dispatch (G:\jingxian\node_modules\koa-router\node_modules\koa-compose\index.js:44:32)
    at next (G:\jingxian\node_modules\koa-router\node_modules\koa-compose\index.js:45:18)
    at G:\jingxian\node_modules\koa-router\lib\router.js:346:16
    at dispatch (G:\jingxian\node_modules\koa-router\node_modules\koa-compose\index.js:44:32)
    at G:\jingxian\node_modules\koa-router\node_modules\koa-compose\index.js:36:12
    at dispatch (G:\jingxian\node_modules\koa-router\lib\router.js:351:31)
    at dispatch (G:\jingxian\node_modules\koa-compose\index.js:42:32)
    at G:\jingxian\node_modules\egg-development\app\middleware\egg_loader_trace.js:9:56
    at dispatch (G:\jingxian\node_modules\koa-compose\index.js:42:32)
name: "UnauthorizedError"
message: "No authorization token was found"
code: "credentials_required"
status: 401
inner: {"message":"No authorization token was found"}
pid: 14704
hostname: DESKTOP-EIGA65Q

2019-01-03 11:49:33,116 WARN 11760 [-/127.0.0.1/-/13ms GET /] nodejs.UnauthorizedError: No authorization token was found
    at middleware (G:\jingxian\node_modules\koa-jwt2\lib\index.js:89:15)
    at dispatch (G:\jingxian\node_modules\koa-router\node_modules\koa-compose\index.js:44:32)
    at next (G:\jingxian\node_modules\koa-router\node_modules\koa-compose\index.js:45:18)
    at G:\jingxian\node_modules\koa-router\lib\router.js:346:16
    at dispatch (G:\jingxian\node_modules\koa-router\node_modules\koa-compose\index.js:44:32)
    at G:\jingxian\node_modules\koa-router\node_modules\koa-compose\index.js:36:12
    at dispatch (G:\jingxian\node_modules\koa-router\lib\router.js:351:31)
    at dispatch (G:\jingxian\node_modules\koa-compose\index.js:42:32)
    at G:\jingxian\node_modules\egg-development\app\middleware\egg_loader_trace.js:9:56
    at dispatch (G:\jingxian\node_modules\koa-compose\index.js:42:32)
name: "UnauthorizedError"
message: "No authorization token was found"
code: "credentials_required"
status: 401
inner: {"message":"No authorization token was found"}
pid: 11760
hostname: DESKTOP-EIGA65Q

2019-01-03 11:57:45,257 WARN 13504 [-/127.0.0.1/-/3ms GET /] nodejs.UnauthorizedError: No authorization token was found
    at middleware (G:\jingxian\node_modules\koa-jwt2\lib\index.js:89:15)
    at dispatch (G:\jingxian\node_modules\koa-router\node_modules\koa-compose\index.js:44:32)
    at next (G:\jingxian\node_modules\koa-router\node_modules\koa-compose\index.js:45:18)
    at G:\jingxian\node_modules\koa-router\lib\router.js:346:16
    at dispatch (G:\jingxian\node_modules\koa-router\node_modules\koa-compose\index.js:44:32)
    at G:\jingxian\node_modules\koa-router\node_modules\koa-compose\index.js:36:12
    at dispatch (G:\jingxian\node_modules\koa-router\lib\router.js:351:31)
    at dispatch (G:\jingxian\node_modules\koa-compose\index.js:42:32)
    at G:\jingxian\node_modules\egg-development\app\middleware\egg_loader_trace.js:9:56
    at dispatch (G:\jingxian\node_modules\koa-compose\index.js:42:32)
name: "UnauthorizedError"
message: "No authorization token was found"
code: "credentials_required"
status: 401
inner: {"message":"No authorization token was found"}
pid: 13504
hostname: DESKTOP-EIGA65Q

2019-01-03 11:58:57,897 WARN 13504 [-/127.0.0.1/-/0ms GET /] nodejs.UnauthorizedError: No authorization token was found
    at middleware (G:\jingxian\node_modules\koa-jwt2\lib\index.js:89:15)
    at dispatch (G:\jingxian\node_modules\koa-router\node_modules\koa-compose\index.js:44:32)
    at next (G:\jingxian\node_modules\koa-router\node_modules\koa-compose\index.js:45:18)
    at G:\jingxian\node_modules\koa-router\lib\router.js:346:16
    at dispatch (G:\jingxian\node_modules\koa-router\node_modules\koa-compose\index.js:44:32)
    at G:\jingxian\node_modules\koa-router\node_modules\koa-compose\index.js:36:12
    at dispatch (G:\jingxian\node_modules\koa-router\lib\router.js:351:31)
    at dispatch (G:\jingxian\node_modules\koa-compose\index.js:42:32)
    at G:\jingxian\node_modules\egg-development\app\middleware\egg_loader_trace.js:9:56
    at dispatch (G:\jingxian\node_modules\koa-compose\index.js:42:32)
name: "UnauthorizedError"
message: "No authorization token was found"
code: "credentials_required"
status: 401
inner: {"message":"No authorization token was found"}
pid: 13504
hostname: DESKTOP-EIGA65Q

2019-01-03 14:31:07,005 WARN 7724 [-/127.0.0.1/-/4ms GET /] nodejs.UnauthorizedError: No authorization token was found
    at middleware (G:\jingxian\node_modules\koa-jwt2\lib\index.js:89:15)
    at dispatch (G:\jingxian\node_modules\koa-router\node_modules\koa-compose\index.js:44:32)
    at next (G:\jingxian\node_modules\koa-router\node_modules\koa-compose\index.js:45:18)
    at G:\jingxian\node_modules\koa-router\lib\router.js:346:16
    at dispatch (G:\jingxian\node_modules\koa-router\node_modules\koa-compose\index.js:44:32)
    at G:\jingxian\node_modules\koa-router\node_modules\koa-compose\index.js:36:12
    at dispatch (G:\jingxian\node_modules\koa-router\lib\router.js:351:31)
    at dispatch (G:\jingxian\node_modules\koa-compose\index.js:42:32)
    at G:\jingxian\node_modules\egg-development\app\middleware\egg_loader_trace.js:9:56
    at dispatch (G:\jingxian\node_modules\koa-compose\index.js:42:32)
name: "UnauthorizedError"
message: "No authorization token was found"
code: "credentials_required"
status: 401
inner: {"message":"No authorization token was found"}
pid: 7724
hostname: DESKTOP-EIGA65Q

2019-01-03 17:09:16,648 WARN 6552 [-/127.0.0.1/-/12ms POST /register] invalid csrf token. See https://eggjs.org/zh-cn/core/security.html#安全威胁csrf的防范
2019-01-03 17:09:16,697 WARN 6552 [-/127.0.0.1/-/60ms POST /register] nodejs.ForbiddenError: invalid csrf token
    at Object.throw (G:\jingxian\node_modules\koa\lib\context.js:97:11)
    at Object.assertCsrf (G:\jingxian\node_modules\egg-security\app\extend\context.js:157:17)
    at csrf (G:\jingxian\node_modules\egg-security\lib\middlewares\csrf.js:31:9)
    at dispatch (G:\jingxian\node_modules\koa-compose\index.js:42:32)
    at G:\jingxian\node_modules\koa-compose\index.js:34:12
    at dispatch (G:\jingxian\node_modules\koa-compose\index.js:42:32)
    at session (G:\jingxian\node_modules\koa-session\index.js:41:13)
    at dispatch (G:\jingxian\node_modules\koa-compose\index.js:42:32)
    at overrideMethod (G:\jingxian\node_modules\koa-override\index.js:38:12)
    at dispatch (G:\jingxian\node_modules\koa-compose\index.js:42:32)
message: "invalid csrf token"
headers: {"Access-Control-Allow-Origin":"chrome-extension://hmhngnomjeipjdfcbaogbmbldckfeend","vary":"Origin"}
pid: 6552
hostname: DESKTOP-EIGA65Q

2019-01-03 17:10:04,673 WARN 6552 [-/127.0.0.1/-/3ms POST /register] invalid csrf token. See https://eggjs.org/zh-cn/core/security.html#安全威胁csrf的防范
2019-01-03 17:10:04,675 WARN 6552 [-/127.0.0.1/-/4ms POST /register] nodejs.ForbiddenError: invalid csrf token
    at Object.throw (G:\jingxian\node_modules\koa\lib\context.js:97:11)
    at Object.assertCsrf (G:\jingxian\node_modules\egg-security\app\extend\context.js:157:17)
    at csrf (G:\jingxian\node_modules\egg-security\lib\middlewares\csrf.js:31:9)
    at dispatch (G:\jingxian\node_modules\koa-compose\index.js:42:32)
    at G:\jingxian\node_modules\koa-compose\index.js:34:12
    at dispatch (G:\jingxian\node_modules\koa-compose\index.js:42:32)
    at session (G:\jingxian\node_modules\koa-session\index.js:41:13)
    at dispatch (G:\jingxian\node_modules\koa-compose\index.js:42:32)
    at overrideMethod (G:\jingxian\node_modules\koa-override\index.js:38:12)
    at dispatch (G:\jingxian\node_modules\koa-compose\index.js:42:32)
message: "invalid csrf token"
headers: {"Access-Control-Allow-Origin":"chrome-extension://hmhngnomjeipjdfcbaogbmbldckfeend","vary":"Origin"}
pid: 6552
hostname: DESKTOP-EIGA65Q

2019-01-03 17:12:56,419 WARN 7248 [-/127.0.0.1/-/11ms POST /register] invalid csrf token. See https://eggjs.org/zh-cn/core/security.html#安全威胁csrf的防范
2019-01-03 17:12:56,473 WARN 7248 [-/127.0.0.1/-/64ms POST /register] nodejs.ForbiddenError: invalid csrf token
    at Object.throw (G:\jingxian\node_modules\koa\lib\context.js:97:11)
    at Object.assertCsrf (G:\jingxian\node_modules\egg-security\app\extend\context.js:157:17)
    at csrf (G:\jingxian\node_modules\egg-security\lib\middlewares\csrf.js:31:9)
    at dispatch (G:\jingxian\node_modules\koa-compose\index.js:42:32)
    at G:\jingxian\node_modules\koa-compose\index.js:34:12
    at dispatch (G:\jingxian\node_modules\koa-compose\index.js:42:32)
    at session (G:\jingxian\node_modules\koa-session\index.js:41:13)
    at dispatch (G:\jingxian\node_modules\koa-compose\index.js:42:32)
    at overrideMethod (G:\jingxian\node_modules\koa-override\index.js:38:12)
    at dispatch (G:\jingxian\node_modules\koa-compose\index.js:42:32)
message: "invalid csrf token"
headers: {"Access-Control-Allow-Origin":"chrome-extension://hmhngnomjeipjdfcbaogbmbldckfeend","vary":"Origin"}
pid: 7248
hostname: DESKTOP-EIGA65Q

2019-01-03 17:13:27,327 WARN 16584 [-/127.0.0.1/-/10ms POST /register] invalid csrf token. See https://eggjs.org/zh-cn/core/security.html#安全威胁csrf的防范
2019-01-03 17:13:27,334 WARN 16584 [-/127.0.0.1/-/17ms POST /register] nodejs.ForbiddenError: invalid csrf token
    at Object.throw (G:\jingxian\node_modules\koa\lib\context.js:97:11)
    at Object.assertCsrf (G:\jingxian\node_modules\egg-security\app\extend\context.js:157:17)
    at csrf (G:\jingxian\node_modules\egg-security\lib\middlewares\csrf.js:31:9)
    at dispatch (G:\jingxian\node_modules\koa-compose\index.js:42:32)
    at G:\jingxian\node_modules\koa-compose\index.js:34:12
    at dispatch (G:\jingxian\node_modules\koa-compose\index.js:42:32)
    at session (G:\jingxian\node_modules\koa-session\index.js:41:13)
    at dispatch (G:\jingxian\node_modules\koa-compose\index.js:42:32)
    at overrideMethod (G:\jingxian\node_modules\koa-override\index.js:38:12)
    at dispatch (G:\jingxian\node_modules\koa-compose\index.js:42:32)
message: "invalid csrf token"
headers: {"Access-Control-Allow-Origin":"*","vary":"Origin"}
pid: 16584
hostname: DESKTOP-EIGA65Q

2019-01-03 17:32:23,396 ERROR 16584 [-/127.0.0.1/-/119ms POST /login] nodejs.TypeError: ctx.vaildate is not a function
    at UsercenterController.index (G:\jingxian\app\controller\usercenter.js:14:15)
    at Object.callFn (G:\jingxian\node_modules\egg-core\lib\utils\index.js:46:21)
    at Object.classControllerMiddleware (G:\jingxian\node_modules\egg-core\lib\loader\mixin\controller.js:87:20)
    at Object.callFn (G:\jingxian\node_modules\egg-core\lib\utils\index.js:46:21)
    at wrappedController (G:\jingxian\node_modules\egg-core\lib\utils\router.js:322:18)
    at dispatch (G:\jingxian\node_modules\koa-router\node_modules\koa-compose\index.js:44:32)
    at next (G:\jingxian\node_modules\koa-router\node_modules\koa-compose\index.js:45:18)
    at G:\jingxian\node_modules\koa-router\lib\router.js:346:16
    at dispatch (G:\jingxian\node_modules\koa-router\node_modules\koa-compose\index.js:44:32)
    at G:\jingxian\node_modules\koa-router\node_modules\koa-compose\index.js:36:12
headers: {"Access-Control-Allow-Origin":"*","vary":"Origin"}
pid: 16584
hostname: DESKTOP-EIGA65Q

2019-01-03 17:33:46,576 ERROR 11308 [-/127.0.0.1/-/73ms POST /login] nodejs.TypeError: ctx.vaildate is not a function
    at UsercenterController.index (G:\jingxian\app\controller\usercenter.js:14:15)
    at Object.callFn (G:\jingxian\node_modules\egg-core\lib\utils\index.js:46:21)
    at Object.classControllerMiddleware (G:\jingxian\node_modules\egg-core\lib\loader\mixin\controller.js:87:20)
    at Object.callFn (G:\jingxian\node_modules\egg-core\lib\utils\index.js:46:21)
    at wrappedController (G:\jingxian\node_modules\egg-core\lib\utils\router.js:322:18)
    at dispatch (G:\jingxian\node_modules\koa-router\node_modules\koa-compose\index.js:44:32)
    at next (G:\jingxian\node_modules\koa-router\node_modules\koa-compose\index.js:45:18)
    at G:\jingxian\node_modules\koa-router\lib\router.js:346:16
    at dispatch (G:\jingxian\node_modules\koa-router\node_modules\koa-compose\index.js:44:32)
    at G:\jingxian\node_modules\koa-router\node_modules\koa-compose\index.js:36:12
headers: {"Access-Control-Allow-Origin":"*","vary":"Origin"}
pid: 11308
hostname: DESKTOP-EIGA65Q

2019-01-03 17:34:37,942 WARN 11308 [-/127.0.0.1/-/3ms POST /login] invalid csrf token. See https://eggjs.org/zh-cn/core/security.html#安全威胁csrf的防范
2019-01-03 17:34:37,947 WARN 11308 [-/127.0.0.1/-/8ms POST /login] nodejs.ForbiddenError: invalid csrf token
    at Object.throw (G:\jingxian\node_modules\koa\lib\context.js:97:11)
    at Object.assertCsrf (G:\jingxian\node_modules\egg-security\app\extend\context.js:157:17)
    at csrf (G:\jingxian\node_modules\egg-security\lib\middlewares\csrf.js:31:9)
    at dispatch (G:\jingxian\node_modules\koa-compose\index.js:42:32)
    at G:\jingxian\node_modules\koa-compose\index.js:34:12
    at dispatch (G:\jingxian\node_modules\koa-compose\index.js:42:32)
    at session (G:\jingxian\node_modules\koa-session\index.js:41:13)
    at dispatch (G:\jingxian\node_modules\koa-compose\index.js:42:32)
    at overrideMethod (G:\jingxian\node_modules\koa-override\index.js:38:12)
    at dispatch (G:\jingxian\node_modules\koa-compose\index.js:42:32)
message: "invalid csrf token"
headers: {"Access-Control-Allow-Origin":"*","vary":"Origin"}
pid: 11308
hostname: DESKTOP-EIGA65Q

2019-01-03 17:34:42,510 WARN 11308 [-/127.0.0.1/-/1ms POST /login] invalid csrf token. See https://eggjs.org/zh-cn/core/security.html#安全威胁csrf的防范
2019-01-03 17:34:42,522 WARN 11308 [-/127.0.0.1/-/13ms POST /login] nodejs.ForbiddenError: invalid csrf token
    at Object.throw (G:\jingxian\node_modules\koa\lib\context.js:97:11)
    at Object.assertCsrf (G:\jingxian\node_modules\egg-security\app\extend\context.js:157:17)
    at csrf (G:\jingxian\node_modules\egg-security\lib\middlewares\csrf.js:31:9)
    at dispatch (G:\jingxian\node_modules\koa-compose\index.js:42:32)
    at G:\jingxian\node_modules\koa-compose\index.js:34:12
    at dispatch (G:\jingxian\node_modules\koa-compose\index.js:42:32)
    at session (G:\jingxian\node_modules\koa-session\index.js:41:13)
    at dispatch (G:\jingxian\node_modules\koa-compose\index.js:42:32)
    at overrideMethod (G:\jingxian\node_modules\koa-override\index.js:38:12)
    at dispatch (G:\jingxian\node_modules\koa-compose\index.js:42:32)
message: "invalid csrf token"
headers: {"Access-Control-Allow-Origin":"*","vary":"Origin"}
pid: 11308
hostname: DESKTOP-EIGA65Q

2019-01-03 18:00:49,213 WARN 5916 [-/127.0.0.1/-/9ms POST /register] invalid csrf token. See https://eggjs.org/zh-cn/core/security.html#安全威胁csrf的防范
2019-01-03 18:00:49,222 WARN 5916 [-/127.0.0.1/-/17ms POST /register] nodejs.ForbiddenError: invalid csrf token
    at Object.throw (G:\jingxian\node_modules\koa\lib\context.js:97:11)
    at Object.assertCsrf (G:\jingxian\node_modules\egg-security\app\extend\context.js:157:17)
    at csrf (G:\jingxian\node_modules\egg-security\lib\middlewares\csrf.js:31:9)
    at dispatch (G:\jingxian\node_modules\koa-compose\index.js:42:32)
    at G:\jingxian\node_modules\koa-compose\index.js:34:12
    at dispatch (G:\jingxian\node_modules\koa-compose\index.js:42:32)
    at session (G:\jingxian\node_modules\koa-session\index.js:41:13)
    at dispatch (G:\jingxian\node_modules\koa-compose\index.js:42:32)
    at overrideMethod (G:\jingxian\node_modules\koa-override\index.js:38:12)
    at dispatch (G:\jingxian\node_modules\koa-compose\index.js:42:32)
message: "invalid csrf token"
headers: {"Access-Control-Allow-Origin":"*","vary":"Origin"}
pid: 5916
hostname: DESKTOP-EIGA65Q

2019-01-03 18:02:20,190 ERROR 5916 [-/127.0.0.1/-/101ms POST /register] nodejs.TypeError: ctx.vaildate is not a function
    at UsercenterController.register (G:\jingxian\app\controller\usercenter.js:30:15)
    at Object.callFn (G:\jingxian\node_modules\egg-core\lib\utils\index.js:46:21)
    at Object.classControllerMiddleware (G:\jingxian\node_modules\egg-core\lib\loader\mixin\controller.js:87:20)
    at Object.callFn (G:\jingxian\node_modules\egg-core\lib\utils\index.js:46:21)
    at wrappedController (G:\jingxian\node_modules\egg-core\lib\utils\router.js:322:18)
    at dispatch (G:\jingxian\node_modules\koa-router\node_modules\koa-compose\index.js:44:32)
    at next (G:\jingxian\node_modules\koa-router\node_modules\koa-compose\index.js:45:18)
    at G:\jingxian\node_modules\koa-router\lib\router.js:346:16
    at dispatch (G:\jingxian\node_modules\koa-router\node_modules\koa-compose\index.js:44:32)
    at G:\jingxian\node_modules\koa-router\node_modules\koa-compose\index.js:36:12
headers: {"Access-Control-Allow-Origin":"*","vary":"Origin"}
pid: 5916
hostname: DESKTOP-EIGA65Q

2019-01-03 18:02:32,635 ERROR 5916 [-/127.0.0.1/-/2ms POST /register] nodejs.TypeError: ctx.vaildate is not a function
    at UsercenterController.register (G:\jingxian\app\controller\usercenter.js:30:15)
    at Object.callFn (G:\jingxian\node_modules\egg-core\lib\utils\index.js:46:21)
    at Object.classControllerMiddleware (G:\jingxian\node_modules\egg-core\lib\loader\mixin\controller.js:87:20)
    at Object.callFn (G:\jingxian\node_modules\egg-core\lib\utils\index.js:46:21)
    at wrappedController (G:\jingxian\node_modules\egg-core\lib\utils\router.js:322:18)
    at dispatch (G:\jingxian\node_modules\koa-router\node_modules\koa-compose\index.js:44:32)
    at next (G:\jingxian\node_modules\koa-router\node_modules\koa-compose\index.js:45:18)
    at G:\jingxian\node_modules\koa-router\lib\router.js:346:16
    at dispatch (G:\jingxian\node_modules\koa-router\node_modules\koa-compose\index.js:44:32)
    at G:\jingxian\node_modules\koa-router\node_modules\koa-compose\index.js:36:12
headers: {"Access-Control-Allow-Origin":"*","vary":"Origin"}
pid: 5916
hostname: DESKTOP-EIGA65Q

2019-01-03 18:03:37,783 ERROR 8960 [-/127.0.0.1/-/62ms POST /register] nodejs.TypeError: ctx.vaildate is not a function
    at UsercenterController.register (G:\jingxian\app\controller\usercenter.js:30:15)
    at Object.callFn (G:\jingxian\node_modules\egg-core\lib\utils\index.js:46:21)
    at Object.classControllerMiddleware (G:\jingxian\node_modules\egg-core\lib\loader\mixin\controller.js:87:20)
    at Object.callFn (G:\jingxian\node_modules\egg-core\lib\utils\index.js:46:21)
    at wrappedController (G:\jingxian\node_modules\egg-core\lib\utils\router.js:322:18)
    at dispatch (G:\jingxian\node_modules\koa-router\node_modules\koa-compose\index.js:44:32)
    at next (G:\jingxian\node_modules\koa-router\node_modules\koa-compose\index.js:45:18)
    at G:\jingxian\node_modules\koa-router\lib\router.js:346:16
    at dispatch (G:\jingxian\node_modules\koa-router\node_modules\koa-compose\index.js:44:32)
    at G:\jingxian\node_modules\koa-router\node_modules\koa-compose\index.js:36:12
headers: {"Access-Control-Allow-Origin":"*","vary":"Origin"}
pid: 8960
hostname: DESKTOP-EIGA65Q

2019-01-03 18:03:48,344 ERROR 13180 [-/127.0.0.1/-/89ms POST /register] nodejs.TypeError: Cannot read property 'index' of undefined
    at UsercenterController.register (G:\jingxian\app\controller\usercenter.js:31:46)
    at <anonymous>
    at process._tickCallback (internal/process/next_tick.js:188:7)
headers: {"Access-Control-Allow-Origin":"*","vary":"Origin"}
pid: 13180
hostname: DESKTOP-EIGA65Q

2019-01-03 18:04:11,959 ERROR 13180 [-/127.0.0.1/-/3ms POST /register] nodejs.TypeError: Cannot read property 'index' of undefined
    at UsercenterController.register (G:\jingxian\app\controller\usercenter.js:31:46)
    at <anonymous>
    at process._tickCallback (internal/process/next_tick.js:188:7)
headers: {"Access-Control-Allow-Origin":"*","vary":"Origin"}
pid: 13180
hostname: DESKTOP-EIGA65Q

2019-01-03 18:05:16,934 ERROR 15712 [-/127.0.0.1/-/99ms POST /register] nodejs.TypeError: Cannot read property 'register' of undefined
    at UsercenterController.register (G:\jingxian\app\controller\usercenter.js:31:46)
    at <anonymous>
    at process._tickCallback (internal/process/next_tick.js:188:7)
headers: {"Access-Control-Allow-Origin":"*","vary":"Origin"}
pid: 15712
hostname: DESKTOP-EIGA65Q

2019-01-03 18:05:53,148 ERROR 9708 [-/127.0.0.1/-/76ms POST /register] nodejs.TypeError: Cannot read property 'register' of undefined
    at UsercenterController.register (G:\jingxian\app\controller\usercenter.js:31:46)
    at <anonymous>
    at process._tickCallback (internal/process/next_tick.js:188:7)
headers: {"Access-Control-Allow-Origin":"*","vary":"Origin"}
pid: 9708
hostname: DESKTOP-EIGA65Q

2019-01-03 18:08:47,550 ERROR 9708 [-/127.0.0.1/-/3ms POST /login] nodejs.TypeError: Cannot read property 'index' of undefined
    at UsercenterController.index (G:\jingxian\app\controller\usercenter.js:15:46)
    at <anonymous>
    at process._tickCallback (internal/process/next_tick.js:188:7)
headers: {"Access-Control-Allow-Origin":"*","vary":"Origin"}
pid: 9708
hostname: DESKTOP-EIGA65Q

2019-01-03 18:10:25,428 ERROR 352 [-/127.0.0.1/-/74ms POST /login] nodejs.TypeError: Cannot read property 'index' of undefined
    at UsercenterController.index (G:\jingxian\app\controller\usercenter.js:16:46)
    at <anonymous>
    at process._tickCallback (internal/process/next_tick.js:188:7)
headers: {"Access-Control-Allow-Origin":"*","vary":"Origin"}
pid: 352
hostname: DESKTOP-EIGA65Q

2019-01-03 18:12:46,371 ERROR 13208 [-/127.0.0.1/-/27ms POST /register] nodejs.ER_PARSE_ERRORError: ER_PARSE_ERROR: You have an error in your SQL syntax; check the manual that corresponds to your MySQL server version for the right syntax to use near '?)' at line 1
    at Query.Sequence._packetToError (G:\jingxian\node_modules\mysql\lib\protocol\sequences\Sequence.js:47:14)
    at Query.ErrorPacket (G:\jingxian\node_modules\mysql\lib\protocol\sequences\Query.js:77:18)
    at Protocol._parsePacket (G:\jingxian\node_modules\mysql\lib\protocol\Protocol.js:278:23)
    at Parser.write (G:\jingxian\node_modules\mysql\lib\protocol\Parser.js:76:12)
    at Protocol.write (G:\jingxian\node_modules\mysql\lib\protocol\Protocol.js:38:16)
    at Socket.<anonymous> (G:\jingxian\node_modules\mysql\lib\Connection.js:91:28)
    at Socket.<anonymous> (G:\jingxian\node_modules\mysql\lib\Connection.js:502:10)
    at emitOne (events.js:116:13)
    at Socket.emit (events.js:211:7)
    at addChunk (_stream_readable.js:263:12)
    --------------------
    at Pool.query (G:\jingxian\node_modules\mysql\lib\Pool.js:199:23)
    at G:\jingxian\node_modules\ali-rds\node_modules\pify\index.js:29:7
    at new Promise (<anonymous>)
    at Pool.<anonymous> (G:\jingxian\node_modules\ali-rds\node_modules\pify\index.js:12:10)
    at Pool.ret [as query] (G:\jingxian\node_modules\ali-rds\node_modules\pify\index.js:56:34)
    at RDSClient.proto._query (G:\jingxian\node_modules\ali-rds\lib\client.js:34:20)
    at RDSClient.proto.query (G:\jingxian\node_modules\ali-rds\lib\operator.js:54:29)
    at proto.query.next (<anonymous>)
    at onFulfilled (G:\jingxian\node_modules\co\index.js:65:19)
    at G:\jingxian\node_modules\co\index.js:54:5
    sql: INSERT INTO user (password, mobile) VALUE ('123456','18565246748',?)
code: "ER_PARSE_ERROR"
errno: 1064
sqlMessage: "You have an error in your SQL syntax; check the manual that corresponds to your MySQL server version for the right syntax to use near '?)' at line 1"
sqlState: "42000"
index: 0
sql: "INSERT INTO user (password, mobile) VALUE ('123456','18565246748',?)"
headers: {"Access-Control-Allow-Origin":"*","vary":"Origin"}
name: "ER_PARSE_ERRORError"
pid: 13208
hostname: DESKTOP-EIGA65Q

2019-01-03 18:13:57,609 ERROR 1200 [-/127.0.0.1/-/90ms POST /register] nodejs.ER_WARN_DATA_OUT_OF_RANGEError: ER_WARN_DATA_OUT_OF_RANGE: Out of range value for column 'mobile' at row 1
    at Query.Sequence._packetToError (G:\jingxian\node_modules\mysql\lib\protocol\sequences\Sequence.js:47:14)
    at Query.ErrorPacket (G:\jingxian\node_modules\mysql\lib\protocol\sequences\Query.js:77:18)
    at Protocol._parsePacket (G:\jingxian\node_modules\mysql\lib\protocol\Protocol.js:278:23)
    at Parser.write (G:\jingxian\node_modules\mysql\lib\protocol\Parser.js:76:12)
    at Protocol.write (G:\jingxian\node_modules\mysql\lib\protocol\Protocol.js:38:16)
    at Socket.<anonymous> (G:\jingxian\node_modules\mysql\lib\Connection.js:91:28)
    at Socket.<anonymous> (G:\jingxian\node_modules\mysql\lib\Connection.js:502:10)
    at emitOne (events.js:116:13)
    at Socket.emit (events.js:211:7)
    at addChunk (_stream_readable.js:263:12)
    --------------------
    at Pool.query (G:\jingxian\node_modules\mysql\lib\Pool.js:199:23)
    at G:\jingxian\node_modules\ali-rds\node_modules\pify\index.js:29:7
    at new Promise (<anonymous>)
    at Pool.<anonymous> (G:\jingxian\node_modules\ali-rds\node_modules\pify\index.js:12:10)
    at Pool.ret [as query] (G:\jingxian\node_modules\ali-rds\node_modules\pify\index.js:56:34)
    at RDSClient.proto._query (G:\jingxian\node_modules\ali-rds\lib\client.js:34:20)
    at RDSClient.proto.query (G:\jingxian\node_modules\ali-rds\lib\operator.js:54:29)
    at proto.query.next (<anonymous>)
    at onFulfilled (G:\jingxian\node_modules\co\index.js:65:19)
    at G:\jingxian\node_modules\co\index.js:54:5
    sql: INSERT INTO user (password, mobile) VALUE ('123456','18565246748')
code: "ER_WARN_DATA_OUT_OF_RANGE"
errno: 1264
sqlMessage: "Out of range value for column 'mobile' at row 1"
sqlState: "22003"
index: 0
sql: "INSERT INTO user (password, mobile) VALUE ('123456','18565246748')"
headers: {"Access-Control-Allow-Origin":"*","vary":"Origin"}
name: "ER_WARN_DATA_OUT_OF_RANGEError"
pid: 1200
hostname: DESKTOP-EIGA65Q

2019-01-03 18:16:41,608 ERROR 3064 [-/127.0.0.1/-/85ms POST /register] nodejs.ER_WARN_DATA_OUT_OF_RANGEError: ER_WARN_DATA_OUT_OF_RANGE: Out of range value for column 'mobile' at row 1
    at Query.Sequence._packetToError (G:\jingxian\node_modules\mysql\lib\protocol\sequences\Sequence.js:47:14)
    at Query.ErrorPacket (G:\jingxian\node_modules\mysql\lib\protocol\sequences\Query.js:77:18)
    at Protocol._parsePacket (G:\jingxian\node_modules\mysql\lib\protocol\Protocol.js:278:23)
    at Parser.write (G:\jingxian\node_modules\mysql\lib\protocol\Parser.js:76:12)
    at Protocol.write (G:\jingxian\node_modules\mysql\lib\protocol\Protocol.js:38:16)
    at Socket.<anonymous> (G:\jingxian\node_modules\mysql\lib\Connection.js:91:28)
    at Socket.<anonymous> (G:\jingxian\node_modules\mysql\lib\Connection.js:502:10)
    at emitOne (events.js:116:13)
    at Socket.emit (events.js:211:7)
    at addChunk (_stream_readable.js:263:12)
    --------------------
    at Pool.query (G:\jingxian\node_modules\mysql\lib\Pool.js:199:23)
    at G:\jingxian\node_modules\ali-rds\node_modules\pify\index.js:29:7
    at new Promise (<anonymous>)
    at Pool.<anonymous> (G:\jingxian\node_modules\ali-rds\node_modules\pify\index.js:12:10)
    at Pool.ret [as query] (G:\jingxian\node_modules\ali-rds\node_modules\pify\index.js:56:34)
    at RDSClient.proto._query (G:\jingxian\node_modules\ali-rds\lib\client.js:34:20)
    at RDSClient.proto.query (G:\jingxian\node_modules\ali-rds\lib\operator.js:54:29)
    at proto.query.next (<anonymous>)
    at onFulfilled (G:\jingxian\node_modules\co\index.js:65:19)
    at G:\jingxian\node_modules\co\index.js:54:5
    sql: INSERT INTO user (mobile, password) VALUE ('18565246748','123456')
code: "ER_WARN_DATA_OUT_OF_RANGE"
errno: 1264
sqlMessage: "Out of range value for column 'mobile' at row 1"
sqlState: "22003"
index: 0
sql: "INSERT INTO user (mobile, password) VALUE ('18565246748','123456')"
headers: {"Access-Control-Allow-Origin":"*","vary":"Origin"}
name: "ER_WARN_DATA_OUT_OF_RANGEError"
pid: 3064
hostname: DESKTOP-EIGA65Q

